OpenSTA 2.0.17 GITDIR-NOT Copyright (c) 2019, Parallax Software, Inc.
License GPLv3: GNU GPL version 3 <http://gnu.org/licenses/gpl.html>

This is free software, and you are free to change and redistribute it
under certain conditions; type `show_copying' for details. 
This program comes with ABSOLUTELY NO WARRANTY; for details type `show_warranty'.
Error: synthesis/out/bf16_synth.v, line 493 syntax error, unexpected REG.
Error: synthesis/out/bf16_synth.v, line 494 syntax error, unexpected REG.
Error: synthesis/out/bf16_synth.v, line 3114 syntax error, unexpected $undefined, expecting ID.
Error: synthesis/out/bf16_synth.v, line 3117 syntax error, unexpected $undefined, expecting '('.
Error: synthesis/out/bf16_synth.v, line 3121 syntax error, unexpected '[', expecting '('.
Error: synthesis/out/bf16_synth.v, line 3125 syntax error, unexpected '[', expecting '('.
Error: synthesis/out/bf16_synth.v, line 3129 syntax error, unexpected '[', expecting '('.
Error: synthesis/out/bf16_synth.v, line 3133 syntax error, unexpected '[', expecting '('.
Error: synthesis/out/bf16_synth.v, line 3137 syntax error, unexpected '[', expecting '('.
Error: synthesis/out/bf16_synth.v, line 3141 syntax error, unexpected '[', expecting '('.
Error: synthesis/out/bf16_synth.v, line 3145 syntax error, unexpected '[', expecting '('.
Error: synthesis/out/bf16_synth.v, line 3149 syntax error, unexpected '[', expecting '('.
Error: synthesis/out/bf16_synth.v, line 3153 syntax error, unexpected '[', expecting '('.
Error: synthesis/out/bf16_synth.v, line 3157 syntax error, unexpected '[', expecting '('.
Error: synthesis/out/bf16_synth.v, line 3161 syntax error, unexpected '[', expecting '('.
Error: synthesis/out/bf16_synth.v, line 3165 syntax error, unexpected '[', expecting '('.
Error: synthesis/out/bf16_synth.v, line 3169 syntax error, unexpected '[', expecting '('.
Error: synthesis/out/bf16_synth.v, line 3173 syntax error, unexpected '[', expecting '('.
Error: synthesis/out/bf16_synth.v, line 3177 syntax error, unexpected '[', expecting '('.
Error: synthesis/out/bf16_synth.v, line 3181 syntax error, unexpected '[', expecting '('.
Startpoint: o_ready (input port clocked by CLK)
Endpoint: i_ready (output port clocked by CLK)
Path Group: CLK
Path Type: max

      Cap      Slew     Delay      Time   Description
-------------------------------------------------------------------------------
             0.0000    0.0000    0.0000   clock CLK (rise edge)
                       0.0000    0.0000   clock network delay (ideal)
                       0.0500    0.0500 v input external delay
   1.8591    0.0000    0.0000    0.0500 v o_ready (in)
   1.9739    0.0067    0.0092    0.0592 ^ _478_/ZN (INV_X1)
   4.1510    0.0104    0.0181    0.0773 v _480_/ZN (NAND2_X1)
             0.0104    0.0000    0.0773 v i_ready (out)
                                 0.0773   data arrival time

             0.0000    1.0000    1.0000   clock CLK (rise edge)
                       0.0000    1.0000   clock network delay (ideal)
                       0.0000    1.0000   clock reconvergence pessimism
                      -0.0500    0.9500   output external delay
                                 0.9500   data required time
-------------------------------------------------------------------------------
                                 0.9500   data required time
                                -0.0773   data arrival time
-------------------------------------------------------------------------------
                                 0.8727   slack (MET)


tns 0.00
wns 0.00
OpenSTA> Saving command history
