
 /----------------------------------------------------------------------------\
 |                                                                            |
 |  yosys -- Yosys Open SYnthesis Suite                                       |
 |                                                                            |
 |  Copyright (C) 2012 - 2019  Clifford Wolf <clifford@clifford.at>           |
 |                                                                            |
 |  Permission to use, copy, modify, and/or distribute this software for any  |
 |  purpose with or without fee is hereby granted, provided that the above    |
 |  copyright notice and this permission notice appear in all copies.         |
 |                                                                            |
 |  THE SOFTWARE IS PROVIDED "AS IS" AND THE AUTHOR DISCLAIMS ALL WARRANTIES  |
 |  WITH REGARD TO THIS SOFTWARE INCLUDING ALL IMPLIED WARRANTIES OF          |
 |  MERCHANTABILITY AND FITNESS. IN NO EVENT SHALL THE AUTHOR BE LIABLE FOR   |
 |  ANY SPECIAL, DIRECT, INDIRECT, OR CONSEQUENTIAL DAMAGES OR ANY DAMAGES    |
 |  WHATSOEVER RESULTING FROM LOSS OF USE, DATA OR PROFITS, WHETHER IN AN     |
 |  ACTION OF CONTRACT, NEGLIGENCE OR OTHER TORTIOUS ACTION, ARISING OUT OF   |
 |  OR IN CONNECTION WITH THE USE OR PERFORMANCE OF THIS SOFTWARE.            |
 |                                                                            |
 \----------------------------------------------------------------------------/

 Yosys 0.9 (git sha1 1979e0b)


-- Executing script file `synthesis/scripts/synth/synth_pe_array_ieee.ys' --

1. Executing Liberty frontend.
Imported 135 cell types from liberty file.

2. Executing Verilog-2005 frontend: synthesis/rtl/ieee/bf16_mul.v
Parsing Verilog input from `synthesis/rtl/ieee/bf16_mul.v' to AST representation.
Generating RTLIL representation for module `\bf16_mul'.
Successfully finished Verilog frontend.

3. Executing Verilog-2005 frontend: synthesis/rtl/ieee/pe_array_ieee_synth.v
Parsing Verilog input from `synthesis/rtl/ieee/pe_array_ieee_synth.v' to AST representation.
Generating RTLIL representation for module `\pe_array_ieee_synth'.
Successfully finished Verilog frontend.

4. Executing HIERARCHY pass (managing design hierarchy).

4.1. Analyzing design hierarchy..
Top module:  \pe_array_ieee_synth
Used module:     \bf16_mul

4.2. Executing AST frontend in derive mode using pre-parsed AST for module `\bf16_mul'.
Parameter \E_BITS = 8
Parameter \M_BITS = 7
Parameter \BITW = 16
Generating RTLIL representation for module `$paramod\bf16_mul\E_BITS=8\M_BITS=7\BITW=16'.

4.3. Executing AST frontend in derive mode using pre-parsed AST for module `\bf16_mul'.
Parameter \E_BITS = 8
Parameter \M_BITS = 7
Parameter \BITW = 16
Found cached RTLIL representation for module `$paramod\bf16_mul\E_BITS=8\M_BITS=7\BITW=16'.

4.4. Executing AST frontend in derive mode using pre-parsed AST for module `\bf16_mul'.
Parameter \E_BITS = 8
Parameter \M_BITS = 7
Parameter \BITW = 16
Found cached RTLIL representation for module `$paramod\bf16_mul\E_BITS=8\M_BITS=7\BITW=16'.

4.5. Executing AST frontend in derive mode using pre-parsed AST for module `\bf16_mul'.
Parameter \E_BITS = 8
Parameter \M_BITS = 7
Parameter \BITW = 16
Found cached RTLIL representation for module `$paramod\bf16_mul\E_BITS=8\M_BITS=7\BITW=16'.

4.6. Executing AST frontend in derive mode using pre-parsed AST for module `\bf16_mul'.
Parameter \E_BITS = 8
Parameter \M_BITS = 7
Parameter \BITW = 16
Found cached RTLIL representation for module `$paramod\bf16_mul\E_BITS=8\M_BITS=7\BITW=16'.

4.7. Executing AST frontend in derive mode using pre-parsed AST for module `\bf16_mul'.
Parameter \E_BITS = 8
Parameter \M_BITS = 7
Parameter \BITW = 16
Found cached RTLIL representation for module `$paramod\bf16_mul\E_BITS=8\M_BITS=7\BITW=16'.

4.8. Executing AST frontend in derive mode using pre-parsed AST for module `\bf16_mul'.
Parameter \E_BITS = 8
Parameter \M_BITS = 7
Parameter \BITW = 16
Found cached RTLIL representation for module `$paramod\bf16_mul\E_BITS=8\M_BITS=7\BITW=16'.

4.9. Executing AST frontend in derive mode using pre-parsed AST for module `\bf16_mul'.
Parameter \E_BITS = 8
Parameter \M_BITS = 7
Parameter \BITW = 16
Found cached RTLIL representation for module `$paramod\bf16_mul\E_BITS=8\M_BITS=7\BITW=16'.

4.10. Executing AST frontend in derive mode using pre-parsed AST for module `\bf16_mul'.
Parameter \E_BITS = 8
Parameter \M_BITS = 7
Parameter \BITW = 16
Found cached RTLIL representation for module `$paramod\bf16_mul\E_BITS=8\M_BITS=7\BITW=16'.

4.11. Executing AST frontend in derive mode using pre-parsed AST for module `\bf16_mul'.
Parameter \E_BITS = 8
Parameter \M_BITS = 7
Parameter \BITW = 16
Found cached RTLIL representation for module `$paramod\bf16_mul\E_BITS=8\M_BITS=7\BITW=16'.

4.12. Executing AST frontend in derive mode using pre-parsed AST for module `\bf16_mul'.
Parameter \E_BITS = 8
Parameter \M_BITS = 7
Parameter \BITW = 16
Found cached RTLIL representation for module `$paramod\bf16_mul\E_BITS=8\M_BITS=7\BITW=16'.

4.13. Executing AST frontend in derive mode using pre-parsed AST for module `\bf16_mul'.
Parameter \E_BITS = 8
Parameter \M_BITS = 7
Parameter \BITW = 16
Found cached RTLIL representation for module `$paramod\bf16_mul\E_BITS=8\M_BITS=7\BITW=16'.

4.14. Executing AST frontend in derive mode using pre-parsed AST for module `\bf16_mul'.
Parameter \E_BITS = 8
Parameter \M_BITS = 7
Parameter \BITW = 16
Found cached RTLIL representation for module `$paramod\bf16_mul\E_BITS=8\M_BITS=7\BITW=16'.

4.15. Executing AST frontend in derive mode using pre-parsed AST for module `\bf16_mul'.
Parameter \E_BITS = 8
Parameter \M_BITS = 7
Parameter \BITW = 16
Found cached RTLIL representation for module `$paramod\bf16_mul\E_BITS=8\M_BITS=7\BITW=16'.

4.16. Executing AST frontend in derive mode using pre-parsed AST for module `\bf16_mul'.
Parameter \E_BITS = 8
Parameter \M_BITS = 7
Parameter \BITW = 16
Found cached RTLIL representation for module `$paramod\bf16_mul\E_BITS=8\M_BITS=7\BITW=16'.

4.17. Executing AST frontend in derive mode using pre-parsed AST for module `\bf16_mul'.
Parameter \E_BITS = 8
Parameter \M_BITS = 7
Parameter \BITW = 16
Found cached RTLIL representation for module `$paramod\bf16_mul\E_BITS=8\M_BITS=7\BITW=16'.

4.18. Analyzing design hierarchy..
Top module:  \pe_array_ieee_synth
Used module:     $paramod\bf16_mul\E_BITS=8\M_BITS=7\BITW=16

4.19. Analyzing design hierarchy..
Top module:  \pe_array_ieee_synth
Used module:     $paramod\bf16_mul\E_BITS=8\M_BITS=7\BITW=16
Removing unused module `\bf16_mul'.
Removed 1 unused modules.

5. Executing PROC pass (convert processes to netlists).

5.1. Executing PROC_CLEAN pass (remove empty switches from decision trees).
Cleaned up 0 empty switches.

5.2. Executing PROC_RMDEAD pass (remove dead branches from decision trees).
Marked 2 switch rules as full_case in process $proc$synthesis/rtl/ieee/bf16_mul.v:68$55 in module $paramod\bf16_mul\E_BITS=8\M_BITS=7\BITW=16.
Removed a total of 0 dead cases.

5.3. Executing PROC_INIT pass (extract init attributes).

5.4. Executing PROC_ARST pass (detect async resets in processes).
Found async reset \rstn in `$paramod\bf16_mul\E_BITS=8\M_BITS=7\BITW=16.$proc$synthesis/rtl/ieee/bf16_mul.v:68$55'.

5.5. Executing PROC_MUX pass (convert decision trees to multiplexers).
Creating decoders for process `$paramod\bf16_mul\E_BITS=8\M_BITS=7\BITW=16.$proc$synthesis/rtl/ieee/bf16_mul.v:68$55'.
     1/2: $0\o_p[15:0]
     2/2: $0\o_valid[0:0]

5.6. Executing PROC_DLATCH pass (convert process syncs to latches).

5.7. Executing PROC_DFF pass (convert process syncs to FFs).
Creating register for signal `$paramod\bf16_mul\E_BITS=8\M_BITS=7\BITW=16.\o_valid' using process `$paramod\bf16_mul\E_BITS=8\M_BITS=7\BITW=16.$proc$synthesis/rtl/ieee/bf16_mul.v:68$55'.
  created $adff cell `$procdff$67' with positive edge clock and negative level reset.
Creating register for signal `$paramod\bf16_mul\E_BITS=8\M_BITS=7\BITW=16.\o_p' using process `$paramod\bf16_mul\E_BITS=8\M_BITS=7\BITW=16.$proc$synthesis/rtl/ieee/bf16_mul.v:68$55'.
  created $adff cell `$procdff$68' with positive edge clock and negative level reset.

5.8. Executing PROC_CLEAN pass (remove empty switches from decision trees).
Found and cleaned up 2 empty switches in `$paramod\bf16_mul\E_BITS=8\M_BITS=7\BITW=16.$proc$synthesis/rtl/ieee/bf16_mul.v:68$55'.
Removing empty process `$paramod\bf16_mul\E_BITS=8\M_BITS=7\BITW=16.$proc$synthesis/rtl/ieee/bf16_mul.v:68$55'.
Cleaned up 2 empty switches.

6. Executing OPT pass (performing simple optimizations).

6.1. Executing OPT_EXPR pass (perform const folding).
Optimizing module pe_array_ieee_synth.
Optimizing module $paramod\bf16_mul\E_BITS=8\M_BITS=7\BITW=16.
<suppressed ~4 debug messages>

6.2. Executing OPT_MERGE pass (detect identical cells).
Finding identical cells in module `\pe_array_ieee_synth'.
Finding identical cells in module `$paramod\bf16_mul\E_BITS=8\M_BITS=7\BITW=16'.
<suppressed ~6 debug messages>
Removed a total of 2 cells.

6.3. Executing OPT_MUXTREE pass (detect dead branches in mux trees).
Running muxtree optimizer on module \pe_array_ieee_synth..
  Creating internal representation of mux trees.
  No muxes found in this module.
Running muxtree optimizer on module $paramod\bf16_mul\E_BITS=8\M_BITS=7\BITW=16..
  Creating internal representation of mux trees.
  Evaluating internal representation of mux trees.
  Analyzing evaluation results.
Removed 0 multiplexer ports.
<suppressed ~5 debug messages>

6.4. Executing OPT_REDUCE pass (consolidate $*mux and $reduce_* inputs).
  Optimizing cells in module \pe_array_ieee_synth.
  Optimizing cells in module $paramod\bf16_mul\E_BITS=8\M_BITS=7\BITW=16.
Performed a total of 0 changes.

6.5. Executing OPT_MERGE pass (detect identical cells).
Finding identical cells in module `\pe_array_ieee_synth'.
Finding identical cells in module `$paramod\bf16_mul\E_BITS=8\M_BITS=7\BITW=16'.
Removed a total of 0 cells.

6.6. Executing OPT_RMDFF pass (remove dff with constant values).

6.7. Executing OPT_CLEAN pass (remove unused cells and wires).
Finding unused cells or wires in module \pe_array_ieee_synth..
Finding unused cells or wires in module $paramod\bf16_mul\E_BITS=8\M_BITS=7\BITW=16..
Removed 1 unused cells and 20 unused wires.
<suppressed ~3 debug messages>

6.8. Executing OPT_EXPR pass (perform const folding).
Optimizing module $paramod\bf16_mul\E_BITS=8\M_BITS=7\BITW=16.
Optimizing module pe_array_ieee_synth.

6.9. Rerunning OPT passes. (Maybe there is more to do..)

6.10. Executing OPT_MUXTREE pass (detect dead branches in mux trees).
Running muxtree optimizer on module $paramod\bf16_mul\E_BITS=8\M_BITS=7\BITW=16..
  Creating internal representation of mux trees.
  Evaluating internal representation of mux trees.
  Analyzing evaluation results.
Running muxtree optimizer on module \pe_array_ieee_synth..
  Creating internal representation of mux trees.
  No muxes found in this module.
Removed 0 multiplexer ports.
<suppressed ~5 debug messages>

6.11. Executing OPT_REDUCE pass (consolidate $*mux and $reduce_* inputs).
  Optimizing cells in module $paramod\bf16_mul\E_BITS=8\M_BITS=7\BITW=16.
  Optimizing cells in module \pe_array_ieee_synth.
Performed a total of 0 changes.

6.12. Executing OPT_MERGE pass (detect identical cells).
Finding identical cells in module `$paramod\bf16_mul\E_BITS=8\M_BITS=7\BITW=16'.
Finding identical cells in module `\pe_array_ieee_synth'.
Removed a total of 0 cells.

6.13. Executing OPT_RMDFF pass (remove dff with constant values).

6.14. Executing OPT_CLEAN pass (remove unused cells and wires).
Finding unused cells or wires in module $paramod\bf16_mul\E_BITS=8\M_BITS=7\BITW=16..
Finding unused cells or wires in module \pe_array_ieee_synth..

6.15. Executing OPT_EXPR pass (perform const folding).
Optimizing module $paramod\bf16_mul\E_BITS=8\M_BITS=7\BITW=16.
Optimizing module pe_array_ieee_synth.

6.16. Finished OPT passes. (There is nothing left to do.)

7. Executing FSM pass (extract and optimize FSM).

7.1. Executing FSM_DETECT pass (finding FSMs in design).

7.2. Executing FSM_EXTRACT pass (extracting FSM from design).

7.3. Executing FSM_OPT pass (simple optimizations of FSMs).

7.4. Executing OPT_CLEAN pass (remove unused cells and wires).
Finding unused cells or wires in module $paramod\bf16_mul\E_BITS=8\M_BITS=7\BITW=16..
Finding unused cells or wires in module \pe_array_ieee_synth..

7.5. Executing FSM_OPT pass (simple optimizations of FSMs).

7.6. Executing FSM_RECODE pass (re-assigning FSM state encoding).

7.7. Executing FSM_INFO pass (dumping all available information on FSM cells).

7.8. Executing FSM_MAP pass (mapping FSMs to basic logic).

8. Executing OPT pass (performing simple optimizations).

8.1. Executing OPT_EXPR pass (perform const folding).
Optimizing module $paramod\bf16_mul\E_BITS=8\M_BITS=7\BITW=16.
Optimizing module pe_array_ieee_synth.

8.2. Executing OPT_MERGE pass (detect identical cells).
Finding identical cells in module `$paramod\bf16_mul\E_BITS=8\M_BITS=7\BITW=16'.
Finding identical cells in module `\pe_array_ieee_synth'.
Removed a total of 0 cells.

8.3. Executing OPT_MUXTREE pass (detect dead branches in mux trees).
Running muxtree optimizer on module $paramod\bf16_mul\E_BITS=8\M_BITS=7\BITW=16..
  Creating internal representation of mux trees.
  Evaluating internal representation of mux trees.
  Analyzing evaluation results.
Running muxtree optimizer on module \pe_array_ieee_synth..
  Creating internal representation of mux trees.
  No muxes found in this module.
Removed 0 multiplexer ports.
<suppressed ~5 debug messages>

8.4. Executing OPT_REDUCE pass (consolidate $*mux and $reduce_* inputs).
  Optimizing cells in module $paramod\bf16_mul\E_BITS=8\M_BITS=7\BITW=16.
  Optimizing cells in module \pe_array_ieee_synth.
Performed a total of 0 changes.

8.5. Executing OPT_MERGE pass (detect identical cells).
Finding identical cells in module `$paramod\bf16_mul\E_BITS=8\M_BITS=7\BITW=16'.
Finding identical cells in module `\pe_array_ieee_synth'.
Removed a total of 0 cells.

8.6. Executing OPT_RMDFF pass (remove dff with constant values).

8.7. Executing OPT_CLEAN pass (remove unused cells and wires).
Finding unused cells or wires in module $paramod\bf16_mul\E_BITS=8\M_BITS=7\BITW=16..
Finding unused cells or wires in module \pe_array_ieee_synth..

8.8. Executing OPT_EXPR pass (perform const folding).
Optimizing module $paramod\bf16_mul\E_BITS=8\M_BITS=7\BITW=16.
Optimizing module pe_array_ieee_synth.

8.9. Finished OPT passes. (There is nothing left to do.)

9. Executing MEMORY pass.

9.1. Executing MEMORY_DFF pass (merging $dff cells to $memrd and $memwr).

9.2. Executing OPT_CLEAN pass (remove unused cells and wires).
Finding unused cells or wires in module $paramod\bf16_mul\E_BITS=8\M_BITS=7\BITW=16..
Finding unused cells or wires in module \pe_array_ieee_synth..

9.3. Executing MEMORY_SHARE pass (consolidating $memrd/$memwr cells).

9.4. Executing OPT_CLEAN pass (remove unused cells and wires).
Finding unused cells or wires in module $paramod\bf16_mul\E_BITS=8\M_BITS=7\BITW=16..
Finding unused cells or wires in module \pe_array_ieee_synth..

9.5. Executing MEMORY_COLLECT pass (generating $mem cells).

9.6. Executing MEMORY_MAP pass (converting $mem cells to logic and flip-flops).

10. Executing OPT pass (performing simple optimizations).

10.1. Executing OPT_EXPR pass (perform const folding).
Optimizing module $paramod\bf16_mul\E_BITS=8\M_BITS=7\BITW=16.
Optimizing module pe_array_ieee_synth.

10.2. Executing OPT_MERGE pass (detect identical cells).
Finding identical cells in module `$paramod\bf16_mul\E_BITS=8\M_BITS=7\BITW=16'.
Finding identical cells in module `\pe_array_ieee_synth'.
Removed a total of 0 cells.

10.3. Executing OPT_MUXTREE pass (detect dead branches in mux trees).
Running muxtree optimizer on module $paramod\bf16_mul\E_BITS=8\M_BITS=7\BITW=16..
  Creating internal representation of mux trees.
  Evaluating internal representation of mux trees.
  Analyzing evaluation results.
Running muxtree optimizer on module \pe_array_ieee_synth..
  Creating internal representation of mux trees.
  No muxes found in this module.
Removed 0 multiplexer ports.
<suppressed ~5 debug messages>

10.4. Executing OPT_REDUCE pass (consolidate $*mux and $reduce_* inputs).
  Optimizing cells in module $paramod\bf16_mul\E_BITS=8\M_BITS=7\BITW=16.
  Optimizing cells in module \pe_array_ieee_synth.
Performed a total of 0 changes.

10.5. Executing OPT_MERGE pass (detect identical cells).
Finding identical cells in module `$paramod\bf16_mul\E_BITS=8\M_BITS=7\BITW=16'.
Finding identical cells in module `\pe_array_ieee_synth'.
Removed a total of 0 cells.

10.6. Executing OPT_RMDFF pass (remove dff with constant values).

10.7. Executing OPT_CLEAN pass (remove unused cells and wires).
Finding unused cells or wires in module $paramod\bf16_mul\E_BITS=8\M_BITS=7\BITW=16..
Finding unused cells or wires in module \pe_array_ieee_synth..

10.8. Executing OPT_EXPR pass (perform const folding).
Optimizing module $paramod\bf16_mul\E_BITS=8\M_BITS=7\BITW=16.
Optimizing module pe_array_ieee_synth.

10.9. Finished OPT passes. (There is nothing left to do.)

11. Executing FLATTEN pass (flatten design).
Using template $paramod\bf16_mul\E_BITS=8\M_BITS=7\BITW=16 for cells of type $paramod\bf16_mul\E_BITS=8\M_BITS=7\BITW=16.
<suppressed ~16 debug messages>
No more expansions possible.
Deleting now unused module $paramod\bf16_mul\E_BITS=8\M_BITS=7\BITW=16.

12. Executing DFFLIBMAP pass (mapping DFF cells to sequential cells from liberty file).
Warning: Found unsupported expression 'SE*SI+D*!SE' in pin attribute of cell 'SDFFRS_X1' - skipping.
Warning: Found unsupported expression 'SE*SI+D*!SE' in pin attribute of cell 'SDFFRS_X2' - skipping.
Warning: Found unsupported expression 'SE*SI+D*!SE' in pin attribute of cell 'SDFFR_X1' - skipping.
Warning: Found unsupported expression 'SE*SI+D*!SE' in pin attribute of cell 'SDFFR_X2' - skipping.
Warning: Found unsupported expression 'SE*SI+D*!SE' in pin attribute of cell 'SDFFS_X1' - skipping.
Warning: Found unsupported expression 'SE*SI+D*!SE' in pin attribute of cell 'SDFFS_X2' - skipping.
Warning: Found unsupported expression 'SE*SI+D*!SE' in pin attribute of cell 'SDFF_X1' - skipping.
Warning: Found unsupported expression 'SE*SI+D*!SE' in pin attribute of cell 'SDFF_X2' - skipping.
  cell DFF_X1 (noninv, pins=4, area=4.52) is a direct match for cell type $_DFF_P_.
Warning: Found unsupported expression 'SE*SI+D*!SE' in pin attribute of cell 'SDFFRS_X1' - skipping.
Warning: Found unsupported expression 'SE*SI+D*!SE' in pin attribute of cell 'SDFFRS_X2' - skipping.
Warning: Found unsupported expression 'SE*SI+D*!SE' in pin attribute of cell 'SDFFR_X1' - skipping.
Warning: Found unsupported expression 'SE*SI+D*!SE' in pin attribute of cell 'SDFFR_X2' - skipping.
Warning: Found unsupported expression 'SE*SI+D*!SE' in pin attribute of cell 'SDFFS_X1' - skipping.
Warning: Found unsupported expression 'SE*SI+D*!SE' in pin attribute of cell 'SDFFS_X2' - skipping.
Warning: Found unsupported expression 'SE*SI+D*!SE' in pin attribute of cell 'SDFF_X1' - skipping.
Warning: Found unsupported expression 'SE*SI+D*!SE' in pin attribute of cell 'SDFF_X2' - skipping.
  cell DFFR_X1 (noninv, pins=5, area=5.32) is a direct match for cell type $_DFF_PN0_.
Warning: Found unsupported expression 'SE*SI+D*!SE' in pin attribute of cell 'SDFFRS_X1' - skipping.
Warning: Found unsupported expression 'SE*SI+D*!SE' in pin attribute of cell 'SDFFRS_X2' - skipping.
Warning: Found unsupported expression 'SE*SI+D*!SE' in pin attribute of cell 'SDFFR_X1' - skipping.
Warning: Found unsupported expression 'SE*SI+D*!SE' in pin attribute of cell 'SDFFR_X2' - skipping.
Warning: Found unsupported expression 'SE*SI+D*!SE' in pin attribute of cell 'SDFFS_X1' - skipping.
Warning: Found unsupported expression 'SE*SI+D*!SE' in pin attribute of cell 'SDFFS_X2' - skipping.
Warning: Found unsupported expression 'SE*SI+D*!SE' in pin attribute of cell 'SDFF_X1' - skipping.
Warning: Found unsupported expression 'SE*SI+D*!SE' in pin attribute of cell 'SDFF_X2' - skipping.
  cell DFFS_X1 (noninv, pins=5, area=5.32) is a direct match for cell type $_DFF_PN1_.
Warning: Found unsupported expression 'SE*SI+D*!SE' in pin attribute of cell 'SDFFRS_X1' - skipping.
Warning: Found unsupported expression 'SE*SI+D*!SE' in pin attribute of cell 'SDFFRS_X2' - skipping.
Warning: Found unsupported expression 'SE*SI+D*!SE' in pin attribute of cell 'SDFFR_X1' - skipping.
Warning: Found unsupported expression 'SE*SI+D*!SE' in pin attribute of cell 'SDFFR_X2' - skipping.
Warning: Found unsupported expression 'SE*SI+D*!SE' in pin attribute of cell 'SDFFS_X1' - skipping.
Warning: Found unsupported expression 'SE*SI+D*!SE' in pin attribute of cell 'SDFFS_X2' - skipping.
Warning: Found unsupported expression 'SE*SI+D*!SE' in pin attribute of cell 'SDFF_X1' - skipping.
Warning: Found unsupported expression 'SE*SI+D*!SE' in pin attribute of cell 'SDFF_X2' - skipping.
Warning: Found unsupported expression 'SE*SI+D*!SE' in pin attribute of cell 'SDFFRS_X1' - skipping.
Warning: Found unsupported expression 'SE*SI+D*!SE' in pin attribute of cell 'SDFFRS_X2' - skipping.
Warning: Found unsupported expression 'SE*SI+D*!SE' in pin attribute of cell 'SDFFR_X1' - skipping.
Warning: Found unsupported expression 'SE*SI+D*!SE' in pin attribute of cell 'SDFFR_X2' - skipping.
Warning: Found unsupported expression 'SE*SI+D*!SE' in pin attribute of cell 'SDFFS_X1' - skipping.
Warning: Found unsupported expression 'SE*SI+D*!SE' in pin attribute of cell 'SDFFS_X2' - skipping.
Warning: Found unsupported expression 'SE*SI+D*!SE' in pin attribute of cell 'SDFF_X1' - skipping.
Warning: Found unsupported expression 'SE*SI+D*!SE' in pin attribute of cell 'SDFF_X2' - skipping.
Warning: Found unsupported expression 'SE*SI+D*!SE' in pin attribute of cell 'SDFFRS_X1' - skipping.
Warning: Found unsupported expression 'SE*SI+D*!SE' in pin attribute of cell 'SDFFRS_X2' - skipping.
Warning: Found unsupported expression 'SE*SI+D*!SE' in pin attribute of cell 'SDFFR_X1' - skipping.
Warning: Found unsupported expression 'SE*SI+D*!SE' in pin attribute of cell 'SDFFR_X2' - skipping.
Warning: Found unsupported expression 'SE*SI+D*!SE' in pin attribute of cell 'SDFFS_X1' - skipping.
Warning: Found unsupported expression 'SE*SI+D*!SE' in pin attribute of cell 'SDFFS_X2' - skipping.
Warning: Found unsupported expression 'SE*SI+D*!SE' in pin attribute of cell 'SDFF_X1' - skipping.
Warning: Found unsupported expression 'SE*SI+D*!SE' in pin attribute of cell 'SDFF_X2' - skipping.
  cell DFFRS_X1 (noninv, pins=6, area=6.38) is a direct match for cell type $_DFFSR_PNN_.
Warning: Found unsupported expression 'SE*SI+D*!SE' in pin attribute of cell 'SDFFRS_X1' - skipping.
Warning: Found unsupported expression 'SE*SI+D*!SE' in pin attribute of cell 'SDFFRS_X2' - skipping.
Warning: Found unsupported expression 'SE*SI+D*!SE' in pin attribute of cell 'SDFFR_X1' - skipping.
Warning: Found unsupported expression 'SE*SI+D*!SE' in pin attribute of cell 'SDFFR_X2' - skipping.
Warning: Found unsupported expression 'SE*SI+D*!SE' in pin attribute of cell 'SDFFS_X1' - skipping.
Warning: Found unsupported expression 'SE*SI+D*!SE' in pin attribute of cell 'SDFFS_X2' - skipping.
Warning: Found unsupported expression 'SE*SI+D*!SE' in pin attribute of cell 'SDFF_X1' - skipping.
Warning: Found unsupported expression 'SE*SI+D*!SE' in pin attribute of cell 'SDFF_X2' - skipping.
Warning: Found unsupported expression 'SE*SI+D*!SE' in pin attribute of cell 'SDFFRS_X1' - skipping.
Warning: Found unsupported expression 'SE*SI+D*!SE' in pin attribute of cell 'SDFFRS_X2' - skipping.
Warning: Found unsupported expression 'SE*SI+D*!SE' in pin attribute of cell 'SDFFR_X1' - skipping.
Warning: Found unsupported expression 'SE*SI+D*!SE' in pin attribute of cell 'SDFFR_X2' - skipping.
Warning: Found unsupported expression 'SE*SI+D*!SE' in pin attribute of cell 'SDFFS_X1' - skipping.
Warning: Found unsupported expression 'SE*SI+D*!SE' in pin attribute of cell 'SDFFS_X2' - skipping.
Warning: Found unsupported expression 'SE*SI+D*!SE' in pin attribute of cell 'SDFF_X1' - skipping.
Warning: Found unsupported expression 'SE*SI+D*!SE' in pin attribute of cell 'SDFF_X2' - skipping.
Warning: Found unsupported expression 'SE*SI+D*!SE' in pin attribute of cell 'SDFFRS_X1' - skipping.
Warning: Found unsupported expression 'SE*SI+D*!SE' in pin attribute of cell 'SDFFRS_X2' - skipping.
Warning: Found unsupported expression 'SE*SI+D*!SE' in pin attribute of cell 'SDFFR_X1' - skipping.
Warning: Found unsupported expression 'SE*SI+D*!SE' in pin attribute of cell 'SDFFR_X2' - skipping.
Warning: Found unsupported expression 'SE*SI+D*!SE' in pin attribute of cell 'SDFFS_X1' - skipping.
Warning: Found unsupported expression 'SE*SI+D*!SE' in pin attribute of cell 'SDFFS_X2' - skipping.
Warning: Found unsupported expression 'SE*SI+D*!SE' in pin attribute of cell 'SDFF_X1' - skipping.
Warning: Found unsupported expression 'SE*SI+D*!SE' in pin attribute of cell 'SDFF_X2' - skipping.
  create mapping for $_DFF_PP0_ from mapping for $_DFF_PN0_.
  create mapping for $_DFF_PP1_ from mapping for $_DFF_PN1_.
  create mapping for $_DFFSR_PPN_ from mapping for $_DFFSR_PNN_.
  create mapping for $_DFFSR_PNP_ from mapping for $_DFFSR_PNN_.
  create mapping for $_DFFSR_PPP_ from mapping for $_DFFSR_PNP_.
  create mapping for $_DFF_N_ from mapping for $_DFF_P_.
  create mapping for $_DFF_NN0_ from mapping for $_DFF_PN0_.
  create mapping for $_DFF_NP0_ from mapping for $_DFF_NN0_.
  create mapping for $_DFF_NN1_ from mapping for $_DFF_NN0_.
  create mapping for $_DFF_NP1_ from mapping for $_DFF_NN1_.
  create mapping for $_DFFSR_NNN_ from mapping for $_DFFSR_PNN_.
  create mapping for $_DFFSR_NPN_ from mapping for $_DFFSR_NNN_.
  create mapping for $_DFFSR_NNP_ from mapping for $_DFFSR_NNN_.
  create mapping for $_DFFSR_NPP_ from mapping for $_DFFSR_NNP_.
  final dff cell mappings:
    DFF_X1 _DFF_N_ (.CK(~C), .D( D), .Q( Q), .QN(~Q));
    DFF_X1 _DFF_P_ (.CK( C), .D( D), .Q( Q), .QN(~Q));
    DFFR_X1 _DFF_NN0_ (.CK(~C), .D( D), .Q( Q), .QN(~Q), .RN( R));
    DFFR_X1 _DFF_NN1_ (.CK(~C), .D(~D), .Q(~Q), .QN( Q), .RN( R));
    DFFR_X1 _DFF_NP0_ (.CK(~C), .D( D), .Q( Q), .QN(~Q), .RN(~R));
    DFFR_X1 _DFF_NP1_ (.CK(~C), .D(~D), .Q(~Q), .QN( Q), .RN(~R));
    DFFR_X1 _DFF_PN0_ (.CK( C), .D( D), .Q( Q), .QN(~Q), .RN( R));
    DFFS_X1 _DFF_PN1_ (.CK( C), .D( D), .Q( Q), .QN(~Q), .SN( R));
    DFFR_X1 _DFF_PP0_ (.CK( C), .D( D), .Q( Q), .QN(~Q), .RN(~R));
    DFFS_X1 _DFF_PP1_ (.CK( C), .D( D), .Q( Q), .QN(~Q), .SN(~R));
    DFFRS_X1 _DFFSR_NNN_ (.CK(~C), .D( D), .Q( Q), .QN(~Q), .RN( R), .SN( S));
    DFFRS_X1 _DFFSR_NNP_ (.CK(~C), .D( D), .Q( Q), .QN(~Q), .RN(~R), .SN( S));
    DFFRS_X1 _DFFSR_NPN_ (.CK(~C), .D( D), .Q( Q), .QN(~Q), .RN( R), .SN(~S));
    DFFRS_X1 _DFFSR_NPP_ (.CK(~C), .D( D), .Q( Q), .QN(~Q), .RN(~R), .SN(~S));
    DFFRS_X1 _DFFSR_PNN_ (.CK( C), .D( D), .Q( Q), .QN(~Q), .RN( R), .SN( S));
    DFFRS_X1 _DFFSR_PNP_ (.CK( C), .D( D), .Q( Q), .QN(~Q), .RN(~R), .SN( S));
    DFFRS_X1 _DFFSR_PPN_ (.CK( C), .D( D), .Q( Q), .QN(~Q), .RN( R), .SN(~S));
    DFFRS_X1 _DFFSR_PPP_ (.CK( C), .D( D), .Q( Q), .QN(~Q), .RN(~R), .SN(~S));
Mapping DFF cells in module `\pe_array_ieee_synth':

13. Executing TECHMAP pass (map to technology primitives).

13.1. Executing Verilog-2005 frontend: <techmap.v>
Parsing Verilog input from `<techmap.v>' to AST representation.
Generating RTLIL representation for module `\_90_simplemap_bool_ops'.
Generating RTLIL representation for module `\_90_simplemap_reduce_ops'.
Generating RTLIL representation for module `\_90_simplemap_logic_ops'.
Generating RTLIL representation for module `\_90_simplemap_compare_ops'.
Generating RTLIL representation for module `\_90_simplemap_various'.
Generating RTLIL representation for module `\_90_simplemap_registers'.
Generating RTLIL representation for module `\_90_shift_ops_shr_shl_sshl_sshr'.
Generating RTLIL representation for module `\_90_shift_shiftx'.
Generating RTLIL representation for module `\_90_fa'.
Generating RTLIL representation for module `\_90_lcu'.
Generating RTLIL representation for module `\_90_alu'.
Generating RTLIL representation for module `\_90_macc'.
Generating RTLIL representation for module `\_90_alumacc'.
Generating RTLIL representation for module `\$__div_mod_u'.
Generating RTLIL representation for module `\$__div_mod'.
Generating RTLIL representation for module `\_90_div'.
Generating RTLIL representation for module `\_90_mod'.
Generating RTLIL representation for module `\_90_pow'.
Generating RTLIL representation for module `\_90_pmux'.
Generating RTLIL representation for module `\_90_lut'.
Successfully finished Verilog frontend.

13.2. Continuing TECHMAP pass.
Using extmapper simplemap for cells of type $mux.
Using extmapper simplemap for cells of type $adff.
Using extmapper simplemap for cells of type $or.
Using extmapper simplemap for cells of type $not.
Running "alumacc" on wrapper $extern:wrap:$mul:A_SIGNED=0:A_WIDTH=8:B_SIGNED=0:B_WIDTH=8:Y_WIDTH=16:394426c56d1a028ba8fdd5469b163e04011def47.
Using template $extern:wrap:$mul:A_SIGNED=0:A_WIDTH=8:B_SIGNED=0:B_WIDTH=8:Y_WIDTH=16:394426c56d1a028ba8fdd5469b163e04011def47 for cells of type $extern:wrap:$mul:A_SIGNED=0:A_WIDTH=8:B_SIGNED=0:B_WIDTH=8:Y_WIDTH=16:394426c56d1a028ba8fdd5469b163e04011def47.
Running "alumacc" on wrapper $extern:wrap:$lt:A_SIGNED=0:A_WIDTH=9:B_SIGNED=0:B_WIDTH=32:Y_WIDTH=1:394426c56d1a028ba8fdd5469b163e04011def47.
Using template $extern:wrap:$lt:A_SIGNED=0:A_WIDTH=9:B_SIGNED=0:B_WIDTH=32:Y_WIDTH=1:394426c56d1a028ba8fdd5469b163e04011def47 for cells of type $extern:wrap:$lt:A_SIGNED=0:A_WIDTH=9:B_SIGNED=0:B_WIDTH=32:Y_WIDTH=1:394426c56d1a028ba8fdd5469b163e04011def47.
Using extmapper simplemap for cells of type $logic_or.
Using extmapper simplemap for cells of type $logic_not.
Using extmapper simplemap for cells of type $logic_and.
Running "alumacc" on wrapper $extern:wrap:$gt:A_SIGNED=0:A_WIDTH=10:B_SIGNED=0:B_WIDTH=32:Y_WIDTH=1:394426c56d1a028ba8fdd5469b163e04011def47.
Using template $extern:wrap:$gt:A_SIGNED=0:A_WIDTH=10:B_SIGNED=0:B_WIDTH=32:Y_WIDTH=1:394426c56d1a028ba8fdd5469b163e04011def47 for cells of type $extern:wrap:$gt:A_SIGNED=0:A_WIDTH=10:B_SIGNED=0:B_WIDTH=32:Y_WIDTH=1:394426c56d1a028ba8fdd5469b163e04011def47.
Running "alumacc" on wrapper $extern:wrap:$add:A_SIGNED=0:A_WIDTH=10:B_SIGNED=0:B_WIDTH=32:Y_WIDTH=32:394426c56d1a028ba8fdd5469b163e04011def47.
Using template $extern:wrap:$add:A_SIGNED=0:A_WIDTH=10:B_SIGNED=0:B_WIDTH=32:Y_WIDTH=32:394426c56d1a028ba8fdd5469b163e04011def47 for cells of type $extern:wrap:$add:A_SIGNED=0:A_WIDTH=10:B_SIGNED=0:B_WIDTH=32:Y_WIDTH=32:394426c56d1a028ba8fdd5469b163e04011def47.
Running "alumacc" on wrapper $extern:wrap:$add:A_SIGNED=0:A_WIDTH=8:B_SIGNED=0:B_WIDTH=8:Y_WIDTH=9:394426c56d1a028ba8fdd5469b163e04011def47.
Using template $extern:wrap:$add:A_SIGNED=0:A_WIDTH=8:B_SIGNED=0:B_WIDTH=8:Y_WIDTH=9:394426c56d1a028ba8fdd5469b163e04011def47 for cells of type $extern:wrap:$add:A_SIGNED=0:A_WIDTH=8:B_SIGNED=0:B_WIDTH=8:Y_WIDTH=9:394426c56d1a028ba8fdd5469b163e04011def47.
Using extmapper simplemap for cells of type $eq.
Running "alumacc" on wrapper $extern:wrap:$sub:A_SIGNED=0:A_WIDTH=9:B_SIGNED=0:B_WIDTH=32:Y_WIDTH=32:394426c56d1a028ba8fdd5469b163e04011def47.
Using template $extern:wrap:$sub:A_SIGNED=0:A_WIDTH=9:B_SIGNED=0:B_WIDTH=32:Y_WIDTH=32:394426c56d1a028ba8fdd5469b163e04011def47 for cells of type $extern:wrap:$sub:A_SIGNED=0:A_WIDTH=9:B_SIGNED=0:B_WIDTH=32:Y_WIDTH=32:394426c56d1a028ba8fdd5469b163e04011def47.
Using extmapper simplemap for cells of type $xor.
Using extmapper maccmap for cells of type $macc.
  add \gen_row[0].gen_col[1].pe.mant_a_implicit * \gen_row[0].gen_col[1].pe.mant_b_implicit (8x8 bits, unsigned)
Using template $paramod\_90_alu\A_SIGNED=0\B_SIGNED=0\A_WIDTH=8\B_WIDTH=8\Y_WIDTH=9 for cells of type $alu.
Using template $paramod\_90_alu\A_SIGNED=0\B_SIGNED=0\A_WIDTH=9\B_WIDTH=32\Y_WIDTH=32 for cells of type $alu.
Using extmapper simplemap for cells of type $reduce_and.
Using template $paramod\_90_alu\A_SIGNED=0\B_SIGNED=0\A_WIDTH=10\B_WIDTH=32\Y_WIDTH=32 for cells of type $alu.
  add \gen_row[0].gen_col[2].pe.mant_a_implicit * \gen_row[0].gen_col[2].pe.mant_b_implicit (8x8 bits, unsigned)
  add \gen_row[0].gen_col[3].pe.mant_a_implicit * \gen_row[0].gen_col[3].pe.mant_b_implicit (8x8 bits, unsigned)
  add \gen_row[0].gen_col[0].pe.mant_a_implicit * \gen_row[0].gen_col[0].pe.mant_b_implicit (8x8 bits, unsigned)
  add \gen_row[1].gen_col[0].pe.mant_a_implicit * \gen_row[1].gen_col[0].pe.mant_b_implicit (8x8 bits, unsigned)
  add \gen_row[1].gen_col[1].pe.mant_a_implicit * \gen_row[1].gen_col[1].pe.mant_b_implicit (8x8 bits, unsigned)
  add \gen_row[1].gen_col[2].pe.mant_a_implicit * \gen_row[1].gen_col[2].pe.mant_b_implicit (8x8 bits, unsigned)
  add \gen_row[1].gen_col[3].pe.mant_a_implicit * \gen_row[1].gen_col[3].pe.mant_b_implicit (8x8 bits, unsigned)
  add \gen_row[2].gen_col[0].pe.mant_a_implicit * \gen_row[2].gen_col[0].pe.mant_b_implicit (8x8 bits, unsigned)
  add \gen_row[2].gen_col[1].pe.mant_a_implicit * \gen_row[2].gen_col[1].pe.mant_b_implicit (8x8 bits, unsigned)
  add \gen_row[2].gen_col[2].pe.mant_a_implicit * \gen_row[2].gen_col[2].pe.mant_b_implicit (8x8 bits, unsigned)
  add \gen_row[2].gen_col[3].pe.mant_a_implicit * \gen_row[2].gen_col[3].pe.mant_b_implicit (8x8 bits, unsigned)
  add \gen_row[3].gen_col[0].pe.mant_a_implicit * \gen_row[3].gen_col[0].pe.mant_b_implicit (8x8 bits, unsigned)
  add \gen_row[3].gen_col[1].pe.mant_a_implicit * \gen_row[3].gen_col[1].pe.mant_b_implicit (8x8 bits, unsigned)
  add \gen_row[3].gen_col[2].pe.mant_a_implicit * \gen_row[3].gen_col[2].pe.mant_b_implicit (8x8 bits, unsigned)
  add \gen_row[3].gen_col[3].pe.mant_a_implicit * \gen_row[3].gen_col[3].pe.mant_b_implicit (8x8 bits, unsigned)
Using extmapper simplemap for cells of type $and.
Using template $paramod\_90_fa\WIDTH=16 for cells of type $fa.
Using template $paramod\_90_alu\A_SIGNED=0\B_SIGNED=0\A_WIDTH=16\B_WIDTH=16\Y_WIDTH=16 for cells of type $alu.
Using template $paramod\_90_lcu\WIDTH=9 for cells of type $lcu.
Using extmapper simplemap for cells of type $pos.
Using template $paramod\_90_lcu\WIDTH=32 for cells of type $lcu.
Using template $paramod\_90_lcu\WIDTH=16 for cells of type $lcu.
No more expansions possible.
<suppressed ~13318 debug messages>

14. Executing ABC pass (technology mapping using ABC).

14.1. Extracting gate netlist of module `\pe_array_ieee_synth' to `<abc-temp-dir>/input.blif'..
Extracted 35568 gates and 35971 wires to a netlist network with 401 inputs and 272 outputs.

14.1.1. Executing ABC.
Running ABC command: berkeley-abc -s -f <abc-temp-dir>/abc.script 2>&1
ABC: ABC command line: "source <abc-temp-dir>/abc.script".
ABC: 
ABC: + read_blif <abc-temp-dir>/input.blif 
ABC: + read_lib -w /workspace/lib/NangateOpenCellLibrary_typical.lib 
ABC: Parsing finished successfully.  Parsing time =     0.04 sec
ABC: Scl_LibertyReadGenlib() skipped cell "ANTENNA_X1" due to dont_use attribute.
ABC: Scl_LibertyReadGenlib() skipped cell "CLKGATETST_X1" without logic function.
ABC: Scl_LibertyReadGenlib() skipped cell "CLKGATETST_X2" without logic function.
ABC: Scl_LibertyReadGenlib() skipped cell "CLKGATETST_X4" without logic function.
ABC: Scl_LibertyReadGenlib() skipped cell "CLKGATETST_X8" without logic function.
ABC: Scl_LibertyReadGenlib() skipped cell "CLKGATE_X1" without logic function.
ABC: Scl_LibertyReadGenlib() skipped cell "CLKGATE_X2" without logic function.
ABC: Scl_LibertyReadGenlib() skipped cell "CLKGATE_X4" without logic function.
ABC: Scl_LibertyReadGenlib() skipped cell "CLKGATE_X8" without logic function.
ABC: Scl_LibertyReadGenlib() skipped sequential cell "DFFRS_X1".
ABC: Scl_LibertyReadGenlib() skipped sequential cell "DFFRS_X2".
ABC: Scl_LibertyReadGenlib() skipped sequential cell "DFFR_X1".
ABC: Scl_LibertyReadGenlib() skipped sequential cell "DFFR_X2".
ABC: Scl_LibertyReadGenlib() skipped sequential cell "DFFS_X1".
ABC: Scl_LibertyReadGenlib() skipped sequential cell "DFFS_X2".
ABC: Scl_LibertyReadGenlib() skipped sequential cell "DFF_X1".
ABC: Scl_LibertyReadGenlib() skipped sequential cell "DFF_X2".
ABC: Scl_LibertyReadGenlib() skipped sequential cell "DLH_X1".
ABC: Scl_LibertyReadGenlib() skipped sequential cell "DLH_X2".
ABC: Scl_LibertyReadGenlib() skipped sequential cell "DLL_X1".
ABC: Scl_LibertyReadGenlib() skipped sequential cell "DLL_X2".
ABC: Scl_LibertyReadGenlib() skipped cell "FILLCELL_X1" due to dont_use attribute.
ABC: Scl_LibertyReadGenlib() skipped cell "TAPCELL_X1" due to dont_use attribute.
ABC: Scl_LibertyReadGenlib() skipped cell "FILLCELL_X2" due to dont_use attribute.
ABC: Scl_LibertyReadGenlib() skipped cell "FILLCELL_X4" due to dont_use attribute.
ABC: Scl_LibertyReadGenlib() skipped cell "FILLCELL_X8" due to dont_use attribute.
ABC: Scl_LibertyReadGenlib() skipped cell "FILLCELL_X16" due to dont_use attribute.
ABC: Scl_LibertyReadGenlib() skipped cell "FILLCELL_X32" due to dont_use attribute.
ABC: Scl_LibertyReadGenlib() skipped cell "LOGIC0_X1" due to dont_use attribute.
ABC: Scl_LibertyReadGenlib() skipped cell "LOGIC1_X1" due to dont_use attribute.
ABC: Scl_LibertyReadGenlib() skipped sequential cell "SDFFRS_X1".
ABC: Scl_LibertyReadGenlib() skipped sequential cell "SDFFRS_X2".
ABC: Scl_LibertyReadGenlib() skipped sequential cell "SDFFR_X1".
ABC: Scl_LibertyReadGenlib() skipped sequential cell "SDFFR_X2".
ABC: Scl_LibertyReadGenlib() skipped sequential cell "SDFFS_X1".
ABC: Scl_LibertyReadGenlib() skipped sequential cell "SDFFS_X2".
ABC: Scl_LibertyReadGenlib() skipped sequential cell "SDFF_X1".
ABC: Scl_LibertyReadGenlib() skipped sequential cell "SDFF_X2".
ABC: Scl_LibertyReadGenlib() skipped three-state cell "TBUF_X1".
ABC: Scl_LibertyReadGenlib() skipped three-state cell "TBUF_X2".
ABC: Scl_LibertyReadGenlib() skipped three-state cell "TBUF_X4".
ABC: Scl_LibertyReadGenlib() skipped three-state cell "TBUF_X8".
ABC: Scl_LibertyReadGenlib() skipped three-state cell "TBUF_X16".
ABC: Scl_LibertyReadGenlib() skipped three-state cell "TINV_X1".
ABC: Scl_LibertyReadGenlib() skipped sequential cell "TLAT_X1".
ABC: Library "NangateOpenCellLibrary" from "/workspace/lib/NangateOpenCellLibrary_typical.lib" has 90 cells (35 skipped: 21 seq; 6 tri-state; 8 no func; 10 dont_use).  Time =     0.06 sec
ABC: Memory =    8.88 MB. Time =     0.06 sec
ABC: Warning: Detected 2 multi-output gates (for example, "FA_X1").
ABC: + strash 
ABC: + ifraig 
ABC: + scorr 
ABC: Warning: The network is combinational (run "fraig" or "fraig_sweep").
ABC: + dc2 
ABC: + dretime 
ABC: + retime -D 2.0 
ABC: + strash 
ABC: + &get -n 
ABC: + &dch -f 
ABC: + &nf -D 2.0 
ABC: + &put 
ABC: + write_blif <abc-temp-dir>/output.blif 

14.1.2. Re-integrating ABC results.
ABC RESULTS:           AND2_X1 cells:      250
ABC RESULTS:           AND3_X1 cells:      218
ABC RESULTS:           AND4_X1 cells:       54
ABC RESULTS:         AOI211_X1 cells:       73
ABC RESULTS:          AOI21_X1 cells:      568
ABC RESULTS:         AOI221_X1 cells:       99
ABC RESULTS:          AOI22_X1 cells:      154
ABC RESULTS:            BUF_X1 cells:       16
ABC RESULTS:            INV_X1 cells:      581
ABC RESULTS:           MUX2_X1 cells:       71
ABC RESULTS:          NAND2_X1 cells:      862
ABC RESULTS:          NAND3_X1 cells:      351
ABC RESULTS:          NAND4_X1 cells:      107
ABC RESULTS:           NOR2_X1 cells:      617
ABC RESULTS:           NOR3_X1 cells:      281
ABC RESULTS:           NOR4_X1 cells:       78
ABC RESULTS:         OAI211_X1 cells:      113
ABC RESULTS:          OAI21_X1 cells:      785
ABC RESULTS:         OAI221_X1 cells:       45
ABC RESULTS:          OAI22_X1 cells:      278
ABC RESULTS:          OAI33_X1 cells:       20
ABC RESULTS:            OR2_X1 cells:      213
ABC RESULTS:            OR3_X1 cells:      160
ABC RESULTS:            OR4_X1 cells:       33
ABC RESULTS:          XNOR2_X1 cells:      891
ABC RESULTS:           XOR2_X1 cells:      574
ABC RESULTS:        internal signals:    35298
ABC RESULTS:           input signals:      401
ABC RESULTS:          output signals:      272
Removing temp directory.

15. Executing OPT pass (performing simple optimizations).

15.1. Executing OPT_EXPR pass (perform const folding).
Optimizing module pe_array_ieee_synth.

15.2. Executing OPT_MERGE pass (detect identical cells).
Finding identical cells in module `\pe_array_ieee_synth'.
Removed a total of 0 cells.

15.3. Executing OPT_MUXTREE pass (detect dead branches in mux trees).
Running muxtree optimizer on module \pe_array_ieee_synth..
  Creating internal representation of mux trees.
  No muxes found in this module.
Removed 0 multiplexer ports.

15.4. Executing OPT_REDUCE pass (consolidate $*mux and $reduce_* inputs).
  Optimizing cells in module \pe_array_ieee_synth.
Performed a total of 0 changes.

15.5. Executing OPT_MERGE pass (detect identical cells).
Finding identical cells in module `\pe_array_ieee_synth'.
Removed a total of 0 cells.

15.6. Executing OPT_RMDFF pass (remove dff with constant values).

15.7. Executing OPT_CLEAN pass (remove unused cells and wires).
Finding unused cells or wires in module \pe_array_ieee_synth..
Removed 32 unused cells and 13857 unused wires.
<suppressed ~225 debug messages>

15.8. Executing OPT_EXPR pass (perform const folding).
Optimizing module pe_array_ieee_synth.

15.9. Rerunning OPT passes. (Maybe there is more to do..)

15.10. Executing OPT_MUXTREE pass (detect dead branches in mux trees).
Running muxtree optimizer on module \pe_array_ieee_synth..
  Creating internal representation of mux trees.
  No muxes found in this module.
Removed 0 multiplexer ports.

15.11. Executing OPT_REDUCE pass (consolidate $*mux and $reduce_* inputs).
  Optimizing cells in module \pe_array_ieee_synth.
Performed a total of 0 changes.

15.12. Executing OPT_MERGE pass (detect identical cells).
Finding identical cells in module `\pe_array_ieee_synth'.
Removed a total of 0 cells.

15.13. Executing OPT_RMDFF pass (remove dff with constant values).

15.14. Executing OPT_CLEAN pass (remove unused cells and wires).
Finding unused cells or wires in module \pe_array_ieee_synth..
Removed 0 unused cells and 64 unused wires.
<suppressed ~64 debug messages>

15.15. Executing OPT_EXPR pass (perform const folding).
Optimizing module pe_array_ieee_synth.

15.16. Finished OPT passes. (There is nothing left to do.)

16. Printing statistics.

=== pe_array_ieee_synth ===

   Number of wires:               7693
   Number of wire bits:           9978
   Number of public wires:         217
   Number of public wire bits:    2502
   Number of memories:               0
   Number of memory bits:            0
   Number of processes:              0
   Number of cells:               7732
     $_DFF_PN0_                    256
     AND2_X1                       250
     AND3_X1                       218
     AND4_X1                        54
     AOI211_X1                      73
     AOI21_X1                      568
     AOI221_X1                      99
     AOI22_X1                      154
     INV_X1                        581
     MUX2_X1                        71
     NAND2_X1                      862
     NAND3_X1                      351
     NAND4_X1                      107
     NOR2_X1                       617
     NOR3_X1                       281
     NOR4_X1                        78
     OAI211_X1                     113
     OAI21_X1                      785
     OAI221_X1                      45
     OAI22_X1                      278
     OAI33_X1                       20
     OR2_X1                        213
     OR3_X1                        160
     OR4_X1                         33
     XNOR2_X1                      891
     XOR2_X1                       574

   Area for cell type $_DFF_PN0_ is unknown!

   Chip area for module '\pe_array_ieee_synth': 8540.994000

17. Executing Verilog backend.
Dumping module `\pe_array_ieee_synth'.

Warnings: 8 unique messages, 72 total
End of script. Logfile hash: dd1c96a3eb
CPU: user 2.72s system 0.08s, MEM: 136.61 MB total, 120.66 MB resident
Yosys 0.9 (git sha1 1979e0b)
Time spent: 30% 2x write_verilog (0 sec), 27% 1x techmap (0 sec), ...
