  **** HLS Build v2025.2 6295257
INFO: [HLS 200-2005] Using work_dir C:/Users/Brandon/Desktop/codes/hls_bruh/hls_component/hls_component 
INFO: [HLS 200-2176] Writing Vitis IDE component file C:/Users/Brandon/Desktop/codes/hls_bruh/hls_component/hls_component/vitis-comp.json
INFO: [HLS 200-10] Creating and opening component 'C:/Users/Brandon/Desktop/codes/hls_bruh/hls_component/hls_component'.
INFO: [HLS 200-1505] Using default flow_target 'vivado'
Resolution: For help on HLS 200-1505 see docs.amd.com/access/sources/dita/topic?Doc_Version=2025.2%20English&url=ug1448-hls-guidance&resourceid=200-1505.html
INFO: [HLS 200-2174] Applying component config ini file hls_config.cfg
INFO: [HLS 200-1465] Applying config ini 'syn.file=./hello.cpp' from hls_config.cfg(7)
INFO: [HLS 200-10] Adding design file 'C:/Users/Brandon/Desktop/codes/hls_bruh/hls_component/hello.cpp' to the project
INFO: [HLS 200-1465] Applying config ini 'tb.file=./hello_tb.cpp' from hls_config.cfg(8)
INFO: [HLS 200-10] Adding test bench file 'C:/Users/Brandon/Desktop/codes/hls_bruh/hls_component/hello_tb.cpp' to the project
INFO: [HLS 200-1465] Applying config ini 'syn.top=tiled_matmul_lmul' from hls_config.cfg(9)
INFO: [HLS 200-1465] Applying config ini 'flow_target=vivado' from hls_config.cfg(4)
INFO: [HLS 200-1505] Using flow_target 'vivado'
Resolution: For help on HLS 200-1505 see docs.amd.com/access/sources/dita/topic?Doc_Version=2025.2%20English&url=ug1448-hls-guidance&resourceid=200-1505.html
INFO: [HLS 200-1465] Applying config ini 'part=xcvu9p-flga2104-2-i' from hls_config.cfg(1)
INFO: [HLS 200-1611] Setting target device to 'xcvu9p-flga2104-2-i'
INFO: [HLS 200-1465] Applying config ini 'package.output.format=ip_catalog' from hls_config.cfg(5)
INFO: [HLS 200-2176] Writing Vitis IDE component file C:/Users/Brandon/Desktop/codes/hls_bruh/hls_component/hls_component/vitis-comp.json
INFO: [SIM 211-2] *************** CSIM start ***************
INFO: [HLS 200-2191] C-Simulation will use clang-16 as the compiler
INFO: [HLS 200-2036] Building debug C Simulation binaries
   Compiling ../../../../hello_tb.cpp in debug mode
   Compiling ../../../../hello.cpp in debug mode
   Generating csim.exe
>> Running LMUL Hardware Simulation...

Index | HW (LMUL Bitfield) | SW (Normal Re-encoded) | Diff
------------------------------------------------------------
[0][0] |               192 |                   128 | 64
[0][1] |               192 |                   128 | 64
[0][2] |               192 |                   128 | 64
[0][3] |               192 |                   128 | 64
[1][0] |               320 |                   256 | 64
[1][1] |               320 |                   256 | 64
[1][2] |               320 |                   256 | 64
[1][3] |               320 |                   256 | 64
[2][0] |               448 |                   384 | 64
[2][1] |               448 |                   384 | 64
[2][2] |               448 |                   384 | 64
[2][3] |               448 |                   384 | 64
[3][0] |               576 |                   512 | 64
[3][1] |               576 |                   512 | 64
[3][2] |               576 |                   512 | 64
[3][3] |               576 |                   512 | 64
@E Simulation failed: Function 'main' returns nonzero value '1'.
ERROR: [SIM 211-100] 'csim_design' failed: nonzero return value.
INFO: [SIM 211-3] *************** CSIM finish ***************
ERROR: CSIM Failed
INFO: [HLS 200-112] Total CPU user time: 2 seconds. Total CPU system time: 1 seconds. Total elapsed time: 6.081 seconds; peak allocated memory: 371.949 MB.
