  **** HLS Build v2025.2 6295257
INFO: [HLS 200-2005] Using work_dir C:/Users/Brandon/Desktop/codes/hls_bruh/hls_component/hls_component 
INFO: [HLS 200-2176] Writing Vitis IDE component file C:/Users/Brandon/Desktop/codes/hls_bruh/hls_component/hls_component/vitis-comp.json
INFO: [HLS 200-10] Creating and opening component 'C:/Users/Brandon/Desktop/codes/hls_bruh/hls_component/hls_component'.
INFO: [HLS 200-1505] Using default flow_target 'vivado'
Resolution: For help on HLS 200-1505 see docs.amd.com/access/sources/dita/topic?Doc_Version=2025.2%20English&url=ug1448-hls-guidance&resourceid=200-1505.html
INFO: [HLS 200-2174] Applying component config ini file hls_config.cfg
INFO: [HLS 200-1465] Applying config ini 'syn.file=./hello.cpp' from hls_config.cfg(7)
INFO: [HLS 200-10] Adding design file 'C:/Users/Brandon/Desktop/codes/hls_bruh/hls_component/hello.cpp' to the project
INFO: [HLS 200-1465] Applying config ini 'tb.file=./hello_tb.cpp' from hls_config.cfg(8)
INFO: [HLS 200-10] Adding test bench file 'C:/Users/Brandon/Desktop/codes/hls_bruh/hls_component/hello_tb.cpp' to the project
INFO: [HLS 200-1465] Applying config ini 'syn.top=tiled_matmul_lmul' from hls_config.cfg(9)
INFO: [HLS 200-1465] Applying config ini 'flow_target=vivado' from hls_config.cfg(4)
INFO: [HLS 200-1505] Using flow_target 'vivado'
Resolution: For help on HLS 200-1505 see docs.amd.com/access/sources/dita/topic?Doc_Version=2025.2%20English&url=ug1448-hls-guidance&resourceid=200-1505.html
INFO: [HLS 200-1465] Applying config ini 'part=xcvu9p-flga2104-2-i' from hls_config.cfg(1)
INFO: [HLS 200-1611] Setting target device to 'xcvu9p-flga2104-2-i'
INFO: [HLS 200-1465] Applying config ini 'package.output.format=ip_catalog' from hls_config.cfg(5)
INFO: [HLS 200-2176] Writing Vitis IDE component file C:/Users/Brandon/Desktop/codes/hls_bruh/hls_component/hls_component/vitis-comp.json
INFO: [HLS 200-111] Finished File checks and directory preparation: CPU user time: 2 seconds. CPU system time: 3 seconds. Elapsed time: 5.23 seconds; current allocated memory: 371.359 MB.
INFO: [HLS 200-2191] C-Synthesis will use clang-16 as the compiler
INFO: [HLS 200-10] Analyzing design file 'hello.cpp' ... 
INFO: [HLS 200-111] Finished Source Code Analysis and Preprocessing: CPU user time: 1 seconds. CPU system time: 0 seconds. Elapsed time: 3.502 seconds; current allocated memory: 374.203 MB.
INFO: [HLS 200-777] Using interface defaults for 'Vivado' flow target.
INFO: [HLS 200-1995] There were 153 instructions in the design after the 'Compile/Link' phase of compilation. See the Design Size Report for more details (C:/Users/Brandon/Desktop/codes/hls_bruh/hls_component/hls_component/hls/syn/report/csynth_design_size.rpt:2)
INFO: [HLS 200-1995] There were 144 instructions in the design after the 'Unroll/Inline (step 1)' phase of compilation. See the Design Size Report for more details (C:/Users/Brandon/Desktop/codes/hls_bruh/hls_component/hls_component/hls/syn/report/csynth_design_size.rpt:2)
INFO: [HLS 200-1995] There were 114 instructions in the design after the 'Unroll/Inline (step 2)' phase of compilation. See the Design Size Report for more details (C:/Users/Brandon/Desktop/codes/hls_bruh/hls_component/hls_component/hls/syn/report/csynth_design_size.rpt:2)
INFO: [HLS 200-1995] There were 106 instructions in the design after the 'Unroll/Inline (step 3)' phase of compilation. See the Design Size Report for more details (C:/Users/Brandon/Desktop/codes/hls_bruh/hls_component/hls_component/hls/syn/report/csynth_design_size.rpt:2)
INFO: [HLS 200-1995] There were 106 instructions in the design after the 'Unroll/Inline (step 4)' phase of compilation. See the Design Size Report for more details (C:/Users/Brandon/Desktop/codes/hls_bruh/hls_component/hls_component/hls/syn/report/csynth_design_size.rpt:2)
INFO: [HLS 200-1995] There were 109 instructions in the design after the 'Array/Struct (step 1)' phase of compilation. See the Design Size Report for more details (C:/Users/Brandon/Desktop/codes/hls_bruh/hls_component/hls_component/hls/syn/report/csynth_design_size.rpt:2)
INFO: [HLS 200-1995] There were 109 instructions in the design after the 'Array/Struct (step 2)' phase of compilation. See the Design Size Report for more details (C:/Users/Brandon/Desktop/codes/hls_bruh/hls_component/hls_component/hls/syn/report/csynth_design_size.rpt:2)
INFO: [HLS 200-1995] There were 109 instructions in the design after the 'Array/Struct (step 3)' phase of compilation. See the Design Size Report for more details (C:/Users/Brandon/Desktop/codes/hls_bruh/hls_component/hls_component/hls/syn/report/csynth_design_size.rpt:2)
INFO: [HLS 200-1995] There were 109 instructions in the design after the 'Array/Struct (step 4)' phase of compilation. See the Design Size Report for more details (C:/Users/Brandon/Desktop/codes/hls_bruh/hls_component/hls_component/hls/syn/report/csynth_design_size.rpt:2)
INFO: [HLS 200-1995] There were 109 instructions in the design after the 'Array/Struct (step 5)' phase of compilation. See the Design Size Report for more details (C:/Users/Brandon/Desktop/codes/hls_bruh/hls_component/hls_component/hls/syn/report/csynth_design_size.rpt:2)
INFO: [HLS 200-1995] There were 109 instructions in the design after the 'Performance (step 1)' phase of compilation. See the Design Size Report for more details (C:/Users/Brandon/Desktop/codes/hls_bruh/hls_component/hls_component/hls/syn/report/csynth_design_size.rpt:2)
INFO: [HLS 200-1995] There were 109 instructions in the design after the 'Performance (step 2)' phase of compilation. See the Design Size Report for more details (C:/Users/Brandon/Desktop/codes/hls_bruh/hls_component/hls_component/hls/syn/report/csynth_design_size.rpt:2)
INFO: [HLS 200-1995] There were 109 instructions in the design after the 'Performance (step 3)' phase of compilation. See the Design Size Report for more details (C:/Users/Brandon/Desktop/codes/hls_bruh/hls_component/hls_component/hls/syn/report/csynth_design_size.rpt:2)
INFO: [HLS 200-1995] There were 109 instructions in the design after the 'Performance (step 4)' phase of compilation. See the Design Size Report for more details (C:/Users/Brandon/Desktop/codes/hls_bruh/hls_component/hls_component/hls/syn/report/csynth_design_size.rpt:2)
INFO: [HLS 200-1995] There were 109 instructions in the design after the 'HW Transforms (step 1)' phase of compilation. See the Design Size Report for more details (C:/Users/Brandon/Desktop/codes/hls_bruh/hls_component/hls_component/hls/syn/report/csynth_design_size.rpt:2)
INFO: [HLS 200-1995] There were 126 instructions in the design after the 'HW Transforms (step 2)' phase of compilation. See the Design Size Report for more details (C:/Users/Brandon/Desktop/codes/hls_bruh/hls_component/hls_component/hls/syn/report/csynth_design_size.rpt:2)
INFO: [HLS 214-291] Loop 'VITIS_LOOP_72_6' is marked as complete unroll implied by the pipeline pragma (hello.cpp:72:42)
INFO: [HLS 214-186] Unrolling loop 'VITIS_LOOP_72_6' (hello.cpp:72:42) in function 'tiled_matmul_lmul' completely with a factor of 2 (hello.cpp:59:0)
INFO: [HLS 214-178] Inlining function 'lmul(unsigned short, unsigned short)' into 'tiled_matmul_lmul(unsigned short (*) [4], unsigned short (*) [4], unsigned short (*) [4])' (hello.cpp:59:0)
INFO: [HLS 200-111] Finished Compiling Optimization and Transform: CPU user time: 0 seconds. CPU system time: 0 seconds. Elapsed time: 10.199 seconds; current allocated memory: 375.859 MB.
INFO: [HLS 200-111] Finished Checking Pragmas: CPU user time: 0 seconds. CPU system time: 0 seconds. Elapsed time: 0.004 seconds; current allocated memory: 375.859 MB.
INFO: [HLS 200-10] Starting code transformations ...
INFO: [HLS 200-111] Finished Standard Transforms: CPU user time: 0 seconds. CPU system time: 0 seconds. Elapsed time: 0.081 seconds; current allocated memory: 380.223 MB.
INFO: [HLS 200-10] Checking synthesizability ...
INFO: [HLS 200-111] Finished Checking Synthesizability: CPU user time: 0 seconds. CPU system time: 0 seconds. Elapsed time: 0.033 seconds; current allocated memory: 381.824 MB.
INFO: [XFORM 203-401] Performing if-conversion on hyperblock from (hello.cpp:70:1) to (hello.cpp:69:38) in function 'tiled_matmul_lmul'... converting 11 basic blocks.
INFO: [HLS 200-111] Finished Loop, function and other optimizations: CPU user time: 0 seconds. CPU system time: 0 seconds. Elapsed time: 0.121 seconds; current allocated memory: 403.168 MB.
INFO: [HLS 200-2061] Successfully converted nested loops 'VITIS_LOOP_68_4'(hello.cpp:68:34) and 'VITIS_LOOP_69_5'(hello.cpp:69:38) in function 'tiled_matmul_lmul' into perfectly nested loops.
INFO: [HLS 200-2061] Successfully converted nested loops 'VITIS_LOOP_67_3'(hello.cpp:67:30) and 'VITIS_LOOP_68_4'(hello.cpp:68:34) in function 'tiled_matmul_lmul' into perfectly nested loops.
INFO: [HLS 200-2061] Successfully converted nested loops 'VITIS_LOOP_66_2'(hello.cpp:66:26) and 'VITIS_LOOP_67_3'(hello.cpp:67:30) in function 'tiled_matmul_lmul' into perfectly nested loops.
INFO: [HLS 200-2061] Successfully converted nested loops 'VITIS_LOOP_65_1'(hello.cpp:65:22) and 'VITIS_LOOP_66_2'(hello.cpp:66:26) in function 'tiled_matmul_lmul' into perfectly nested loops.
INFO: [XFORM 203-541] Flattening a loop nest 'VITIS_LOOP_68_4' (hello.cpp:68:34) in function 'tiled_matmul_lmul'.
INFO: [XFORM 203-541] Flattening a loop nest 'VITIS_LOOP_67_3' (hello.cpp:67:30) in function 'tiled_matmul_lmul'.
INFO: [XFORM 203-541] Flattening a loop nest 'VITIS_LOOP_66_2' (hello.cpp:66:26) in function 'tiled_matmul_lmul'.
INFO: [XFORM 203-541] Flattening a loop nest 'VITIS_LOOP_65_1' (hello.cpp:65:22) in function 'tiled_matmul_lmul'.
INFO: [HLS 200-111] Finished Architecture Synthesis: CPU user time: 0 seconds. CPU system time: 0 seconds. Elapsed time: 0.105 seconds; current allocated memory: 403.180 MB.
INFO: [HLS 200-10] Starting hardware synthesis ...
INFO: [HLS 200-10] Synthesizing 'tiled_matmul_lmul' ...
INFO: [SYN 201-201] Setting up clock 'default' with a period of 10ns.
INFO: [HLS 200-10] ----------------------------------------------------------------
INFO: [HLS 200-42] -- Implementing module 'tiled_matmul_lmul' 
INFO: [HLS 200-10] ----------------------------------------------------------------
INFO: [SCHED 204-11] Starting scheduling ...
INFO: [SCHED 204-61] Pipelining loop 'VITIS_LOOP_65_1_VITIS_LOOP_66_2_VITIS_LOOP_67_3_VITIS_LOOP_68_4_VITIS_LOOP_69_5'.
INFO: [HLS 200-2253] Unable to schedule 'store' operation ('C_addr_write_ln75', hello.cpp:75) of variable 'add_ln75', hello.cpp:75 16 bit on array 'C' in the first 0 clock cycle(s).
INFO: [HLS 200-1470] Pipelining result : Target II = NA, Final II = 1, Depth = 2, loop 'VITIS_LOOP_65_1_VITIS_LOOP_66_2_VITIS_LOOP_67_3_VITIS_LOOP_68_4_VITIS_LOOP_69_5'
INFO: [SCHED 204-11] Finished scheduling.
INFO: [HLS 200-111] Finished Scheduling: CPU user time: 0 seconds. CPU system time: 0 seconds. Elapsed time: 0.279 seconds; current allocated memory: 403.180 MB.
INFO: [HLS 200-2250] Rewind delay = 1 for the pipelined loop 'VITIS_LOOP_65_1_VITIS_LOOP_66_2_VITIS_LOOP_67_3_VITIS_LOOP_68_4_VITIS_LOOP_69_5' to synchronize the reading and writing of port 'C (no source info)' with ap_ready.
INFO: [BIND 205-100] Starting micro-architecture generation ...
INFO: [BIND 205-101] Performing variable lifetime analysis.
INFO: [BIND 205-101] Exploring resource sharing.
INFO: [BIND 205-101] Binding ...
INFO: [BIND 205-100] Finished micro-architecture generation.
INFO: [HLS 200-111] Finished Binding: CPU user time: 0 seconds. CPU system time: 0 seconds. Elapsed time: 0.085 seconds; current allocated memory: 403.941 MB.
INFO: [HLS 200-10] ----------------------------------------------------------------
INFO: [HLS 200-10] -- Generating RTL for module 'tiled_matmul_lmul' 
INFO: [HLS 200-10] ----------------------------------------------------------------
WARNING: [RTGEN 206-101] Design contains AXI ports. Reset is fixed to synchronous and active low.
INFO: [RTGEN 206-500] Setting interface mode on port 'tiled_matmul_lmul/A' to 'bram'.
INFO: [RTGEN 206-500] Setting interface mode on port 'tiled_matmul_lmul/B' to 'bram'.
INFO: [RTGEN 206-500] Setting interface mode on port 'tiled_matmul_lmul/C' to 'bram'.
INFO: [RTGEN 206-500] Setting interface mode on function 'tiled_matmul_lmul' to 's_axilite & ap_ctrl_hs'.
INFO: [HLS 200-1030] Apply Unified Pipeline Control on module 'tiled_matmul_lmul' pipeline 'VITIS_LOOP_65_1_VITIS_LOOP_66_2_VITIS_LOOP_67_3_VITIS_LOOP_68_4_VITIS_LOOP_69_5' pipeline type 'loop pipeline'
INFO: [RTGEN 206-100] Bundling port 'return' to AXI-Lite port control.
WARNING: [RTGEN 206-101] Setting dangling out port 'tiled_matmul_lmul/A_WEN_A' to 0.
WARNING: [RTGEN 206-101] Setting dangling out port 'tiled_matmul_lmul/A_Din_A' to 0.
WARNING: [RTGEN 206-101] Setting dangling out port 'tiled_matmul_lmul/A_WEN_B' to 0.
WARNING: [RTGEN 206-101] Setting dangling out port 'tiled_matmul_lmul/A_Din_B' to 0.
WARNING: [RTGEN 206-101] Setting dangling out port 'tiled_matmul_lmul/B_WEN_A' to 0.
WARNING: [RTGEN 206-101] Setting dangling out port 'tiled_matmul_lmul/B_Din_A' to 0.
WARNING: [RTGEN 206-101] Setting dangling out port 'tiled_matmul_lmul/B_WEN_B' to 0.
WARNING: [RTGEN 206-101] Setting dangling out port 'tiled_matmul_lmul/B_Din_B' to 0.
WARNING: [RTGEN 206-101] Setting dangling out port 'tiled_matmul_lmul/C_WEN_B' to 0.
WARNING: [RTGEN 206-101] Setting dangling out port 'tiled_matmul_lmul/C_Din_B' to 0.
INFO: [RTGEN 206-100] Generating core module 'sparsemux_7_2_15_1_1': 2 instance(s).
INFO: [RTGEN 206-100] Finished creating RTL model for 'tiled_matmul_lmul'.
INFO: [HLS 200-111] Finished Creating RTL model: CPU user time: 1 seconds. CPU system time: 0 seconds. Elapsed time: 0.143 seconds; current allocated memory: 406.637 MB.
INFO: [HLS 200-111] Finished Generating all RTL models: CPU user time: 0 seconds. CPU system time: 0 seconds. Elapsed time: 0.672 seconds; current allocated memory: 413.000 MB.
INFO: [HLS 200-2225] Wrote inferred directives to file C:/Users/Brandon/Desktop/codes/hls_bruh/hls_component/hls_component/hls/syn/inferred_directives.ini
INFO: [HLS 200-111] Finished Updating report files: CPU user time: 1 seconds. CPU system time: 1 seconds. Elapsed time: 1.338 seconds; current allocated memory: 418.367 MB.
INFO: [VHDL 208-304] Generating VHDL RTL for tiled_matmul_lmul.
INFO: [VLOG 209-307] Generating Verilog RTL for tiled_matmul_lmul.
INFO: [HLS 200-790] **** Loop Constraint Status: All loop constraints were satisfied.
INFO: [HLS 200-789] **** Estimated Fmax: 241.78 MHz
INFO: [HLS 200-112] Total CPU user time: 5 seconds. Total CPU system time: 4 seconds. Total elapsed time: 23.121 seconds; peak allocated memory: 418.441 MB.
INFO: [v++ 60-791] Total elapsed time: 0h 0m 28s
