  **** HLS Build v2025.2 6295257
INFO: [HLS 200-2005] Using work_dir C:/Users/Brandon/Desktop/codes/hls_bruh/hls_component/hls_component 
INFO: [HLS 200-2176] Writing Vitis IDE component file C:/Users/Brandon/Desktop/codes/hls_bruh/hls_component/hls_component/vitis-comp.json
INFO: [HLS 200-10] Creating and opening component 'C:/Users/Brandon/Desktop/codes/hls_bruh/hls_component/hls_component'.
INFO: [HLS 200-1505] Using default flow_target 'vivado'
Resolution: For help on HLS 200-1505 see docs.amd.com/access/sources/dita/topic?Doc_Version=2025.2%20English&url=ug1448-hls-guidance&resourceid=200-1505.html
INFO: [HLS 200-2174] Applying component config ini file hls_config.cfg
INFO: [HLS 200-1465] Applying config ini 'syn.file=./hello.cpp' from hls_config.cfg(7)
INFO: [HLS 200-10] Adding design file 'C:/Users/Brandon/Desktop/codes/hls_bruh/hls_component/hello.cpp' to the project
INFO: [HLS 200-1465] Applying config ini 'tb.file=./hello_tb.cpp' from hls_config.cfg(8)
INFO: [HLS 200-10] Adding test bench file 'C:/Users/Brandon/Desktop/codes/hls_bruh/hls_component/hello_tb.cpp' to the project
INFO: [HLS 200-1465] Applying config ini 'syn.top=tiled_matmul' from hls_config.cfg(9)
INFO: [HLS 200-1465] Applying config ini 'flow_target=vivado' from hls_config.cfg(4)
INFO: [HLS 200-1505] Using flow_target 'vivado'
Resolution: For help on HLS 200-1505 see docs.amd.com/access/sources/dita/topic?Doc_Version=2025.2%20English&url=ug1448-hls-guidance&resourceid=200-1505.html
INFO: [HLS 200-1465] Applying config ini 'part=xcvu9p-flga2104-2-i' from hls_config.cfg(1)
INFO: [HLS 200-1611] Setting target device to 'xcvu9p-flga2104-2-i'
INFO: [HLS 200-1465] Applying config ini 'package.output.format=ip_catalog' from hls_config.cfg(5)
INFO: [HLS 200-2176] Writing Vitis IDE component file C:/Users/Brandon/Desktop/codes/hls_bruh/hls_component/hls_component/vitis-comp.json
INFO: [SIM 211-2] *************** CSIM start ***************
INFO: [HLS 200-2191] C-Simulation will use clang-16 as the compiler
INFO: [HLS 200-2036] Building debug C Simulation binaries
   Compiling ../../../../hello_tb.cpp in debug mode
   Generating csim.exe
In file included from ../../../../hello_tb.cpp:64:
In file included from C:/AMDDesignTools/2025.2/Vitis/include\hls_half.h:26:
In file included from C:/AMDDesignTools/2025.2/Vitis/include/etc/hls_half_fpo.h:19:
In file included from C:/AMDDesignTools/2025.2/Vitis/include\hls_fpo.h:140:
In file included from C:/AMDDesignTools/2025.2/Vitis/include/floating_point_v7_1_bitacc_cmodel.h:150:
C:/AMDDesignTools/2025.2/Vitis/include\gmp.h:58:9: warning: '__GMP_LIBGMP_DLL' macro redefined [-Wmacro-redefined]
#define __GMP_LIBGMP_DLL  0
        ^
C:/AMDDesignTools/2025.2/Vitis/include/floating_point_v7_1_bitacc_cmodel.h:142:9: note: previous definition is here
#define __GMP_LIBGMP_DLL 1
        ^
1 warning generated.
>> Loading binary files...
>> Running HLS Kernel (with padded M=32)...
>> Verifying Results...
Mismatch at [0][4]: HLS=0.12561 vs Gold=-14.375
Mismatch at [0][8]: HLS=0.0335999 vs Gold=-15.375
Mismatch at [0][9]: HLS=-0.786621 vs Gold=-34.75
Mismatch at [0][10]: HLS=0.421143 vs Gold=-14.6875
TEST FAILED with 1286 errors.
@E Simulation failed: Function 'main' returns nonzero value '1'.
ERROR: [SIM 211-100] 'csim_design' failed: nonzero return value.
INFO: [SIM 211-3] *************** CSIM finish ***************
ERROR: CSIM Failed
INFO: [HLS 200-112] Total CPU user time: 2 seconds. Total CPU system time: 3 seconds. Total elapsed time: 18.922 seconds; peak allocated memory: 371.688 MB.
