# 
# Steps log generated by v++
# This log file contains a collection of steps that describe the kernel compilation flow
# Note: Some steps are tagged as internal, these steps are for debugging purposes and 
#       are not expected to be able to run independently.
# 

# The following environment variables are set when running v++
Environment variables :
------------------------------------------
ALLUSERSPROFILE=C:\ProgramData
APPDATA=C:\Users\Brandon\AppData\Roaming
arr.length=0
arr.Ubound=-1
CHARPOP=1
ChocolateyInstall=C:\ProgramData\chocolatey
ChocolateyLastPathUpdate=132553969716487355
CMAKE_OBJECT_PATH_MAX=4096
CommonProgramFiles=C:\Program Files\Common Files
CommonProgramFiles(x86)=C:\Program Files (x86)\Common Files
CommonProgramW6432=C:\Program Files\Common Files
COMPUTERNAME=scat
ComSpec=C:\WINDOWS\system32\cmd.exe
DriverData=C:\Windows\System32\Drivers\DriverData
GRADLE_HOME=C:\Users\Brandon\Desktop\git builder\gradle-7.5
HDI_APPROOT=C:/AMDDesignTools/2025.2/Vitis
HDI_PROCESSOR=i686
HOMEDRIVE=C:
HOMEPATH=\Users\Brandon
HW_SERVER_DJTG_DISABLE=1
HW_SERVER_FTDIMGR_DISABLE=1
IDE_SKIP_SERVER_LICENSE=1
INT_VARIABLE_NAME=XILINX_PATH
ISL_IOSTREAMS_RSA=C:/AMDDesignTools/2025.2/Vitis/tps/isl
JAVA_EXE=C:/AMDDesignTools/2025.2/Vitis\tps\win64\jre21.0.5_11\bin\java.exe
JAVA_HOME=C:/AMDDesignTools/2025.2/Vitis\tps\win64\jre21.0.5_11
JRE_HOME=C:\Program Files\Java\jdk-17.0.4+8-jre
LC_NUMERIC=C
LOCALAPPDATA=C:\Users\Brandon\AppData\Local
LOGONSERVER=\\scat
LOPPER_DTC_FLAGS=-b 0 -@
NOSPLASH=false
NUMBER_OF_PROCESSORS=12
OneDrive=C:\Users\Brandon\OneDrive
ORIGINAL_XDG_CURRENT_DESKTOP=undefined
OS=Windows_NT
PATH=C:/AMDDesignTools/2025.2/Vivado/tps/win64/binutils-2.26/bin;C:/AMDDesignTools/2025.2/Vitis/bin/../gnu/aarch64/nt/aarch64-linux/bin;C:/AMDDesignTools/2025.2/Vitis/bin/../gnu/ppc64le/4.9.3/win64/bin;C:/AMDDesignTools/2025.2/Vitis/bin/../gnu/aarch32/nt/gcc-arm-linux-gnueabi/bin;C:/AMDDesignTools/2025.2/Vitis/tps/mingw/6.2.0/win64.o/nt/bin;C:/AMDDesignTools/2025.2/Vivado\gnuwin\bin;C:/AMDDesignTools/2025.2/Vivado\gnu\microblaze\nt\bin;C:/AMDDesignTools/2025.2/Vitis/bin;C:/AMDDesignTools/2025.2/Vitis\tps\win64;C:/AMDDesignTools/2025.2/Vitis/tps/win64/java-cef-95.0.4638.69/bin/lib/win64;C:/AMDDesignTools/2025.2/Vitis/lib/win64.o;C:/AMDDesignTools/2025.2/Vitis/tps/win64/jre11.0.16_1/bin/server;C:/AMDDesignTools/2025.2/Vitis/tps/win64/jre11.0.16_1/bin;C:/AMDDesignTools/2025.2/Vitis\tps\win64\cmake-3.24.2\bin;C:/AMDDesignTools/2025.2/Vitis\gnu\microblaze\nt\bin;C:/AMDDesignTools/2025.2/Vitis\gnu\microblaze\linux_toolchain\nt64_le\bin;C:/AMDDesignTools/2025.2/Vitis\gnu\aarch32\nt\gcc-arm-linux-gnueabi\bin;C:/AMDDesignTools/2025.2/Vitis\gnu\aarch32\nt\gcc-arm-none-eabi\bin;C:/AMDDesignTools/2025.2/Vitis\gnu\aarch64\nt\aarch64-linux\bin;C:/AMDDesignTools/2025.2/Vitis\gnu\aarch64\nt\aarch64-none\bin;C:/AMDDesignTools/2025.2/Vitis\gnu\armr5\nt\gcc-arm-none-eabi\bin;C:/AMDDesignTools/2025.2/Vitis\gnuwin\bin;C:/AMDDesignTools/2025.2/Vitis\tps\win64\python-3.13.0;C:/AMDDesignTools/2025.2/Vitis\tps\win64\jre21.0.5_11\bin;C:/AMDDesignTools/2025.2/Vitis\tps\win64\libxslt\bin;C:/AMDDesignTools/2025.2/Vitis\gnu\arm\nt\bin;C:/AMDDesignTools/2025.2/Vitis\gnu\microblaze\linux_toolchain\nt64_be\bin;C:/AMDDesignTools/2025.2/Vitis\gnu\riscv\nt\bin;C:/AMDDesignTools/2025.2/Vitis\gnu\riscv\linux_toolchain\nt64\bin;C:/AMDDesignTools/2025.2/Vitis\gnu\riscv\linux_toolchain\nt32\bin;C:/AMDDesignTools/2025.2/Vivado\tps\win64\python-3.13.0;C:/AMDDesignTools/2025.2/Vivado\tps\win64\git-2.50.0\bin;C:/AMDDesignTools/2025.2/Vivado\tps\win64\cmake-3.24.2\bin;C:/AMDDesignTools/2025.2/Vitis/win64/tools/vcxx\libexec;C:/AMDDesignTools/2025.2/Vivado\tps\win64\jre21.0.5_11\bin;C:\Program Files\Eclipse Adoptium\jdk-21.0.7.6-hotspot\bin;C:\Program Files (x86)\Razer Chroma SDK\bin;C:\Program Files\Razer Chroma SDK\bin;C:\Program Files (x86)\Razer\ChromaBroadcast\bin;C:\Program Files\Razer\ChromaBroadcast\bin;C:\Program Files\Common Files\Oracle\Java\javapath;C:\Program Files (x86)\Common Files\Oracle\Java\javapath;C:\Python39\Scripts\;C:\Python39\;C:\Windows\system32;C:\Windows;C:\Windows\System32\Wbem;C:\Windows\System32\WindowsPowerShell\v1.0\;C:\Windows\System32\OpenSSH\;C:\ProgramData\chocolatey\bin;C:\Program Files\Java\jdk-15.0.2\bin;C:\Users\Brandon\AppData\Local\Microsoft\WindowsApps;C:\Users\Brandon\AppData\Roaming\npm;C:\Program Files\Microsoft SQL Server\130\Tools\Binn\;C:\Program Files\Cloudflare\Cloudflare WARP\;C:\Program Files\dotnet\;C:\Program Files\Git\cmd;C:\Users\Brandon\AppData\Local\Programs\Python\Python310;C:\Users\Brandon\AppData\Local\Programs\Python\Python310\Scripts;C:\Program Files\NVIDIA Corporation\NVIDIA App\NvDLISR;C:\Program Files (x86)\NVIDIA Corporation\PhysX\Common;C:\Gradle\gradle-8.12\bin;C:\Program Files\nodejs\;C:\Users\Brandon\.cargo\bin;C:\Users\Brandon\miniforge3;C:\Users\Brandon\miniforge3\Library\mingw-w64\bin;C:\Users\Brandon\miniforge3\Library\usr\bin;C:\Users\Brandon\miniforge3\Library\bin;C:\Users\Brandon\miniforge3\Scripts;C:\Users\Brandon\AppData\Local\Programs\Microsoft VS Code\bin;C:\Users\Brandon\AppData\Local\GitHubDesktop\bin;C:\Users\Brandon\.dotnet\tools;C:\ffmpeg\bin;C:\msys64\ucrt64\bin;C:/AMDDesignTools/2025.2/Vitis\tps\mingw\6.2.0\win64.o\nt\bin;C:/AMDDesignTools/2025.2/Vitis\tps\mingw\6.2.0\win64.o\nt\libexec\gcc\x86_64-w64-mingw32\6.2.0
PATHEXT=.COM;.EXE;.BAT;.CMD;.VBS;.VBE;.JS;.JSE;.WSF;.WSH;.MSC
PROCESSOR_ARCHITECTURE=AMD64
PROCESSOR_IDENTIFIER=AMD64 Family 23 Model 113 Stepping 0, AuthenticAMD
PROCESSOR_LEVEL=23
PROCESSOR_REVISION=7100
PRODVERSION_EXE=C:/AMDDesignTools/2025.2/Vitis/bin/unwrapped/win64.o/prodversion.exe
ProgramData=C:\ProgramData
ProgramFiles=C:\Program Files
ProgramFiles(x86)=C:\Program Files (x86)
ProgramW6432=C:\Program Files
PROMPT=$P$G
PSModulePath=C:\Program Files\WindowsPowerShell\Modules;C:\WINDOWS\system32\WindowsPowerShell\v1.0\Modules
PUBLIC=C:\Users\Public
PYTHONPATH=C:/AMDDesignTools/2025.2/Vitis\cli;C:/AMDDesignTools/2025.2/Vitis\cli\python-packages\win64;C:/AMDDesignTools/2025.2/Vitis\cli\python-packages\site-packages;C:/AMDDesignTools/2025.2/Vitis\cli\proto;C:/AMDDesignTools/2025.2/Vitis\scripts\python_pkg;
python_path=C:/AMDDesignTools/2025.2/Vitis\cli;C:/AMDDesignTools/2025.2/Vitis\cli\python-packages\win64;C:/AMDDesignTools/2025.2/Vitis\cli\python-packages\site-packages;C:/AMDDesignTools/2025.2/Vitis\cli\proto;C:/AMDDesignTools/2025.2/Vitis\scripts\python_pkg;
RDI_APPROOT=C:/AMDDesignTools/2025.2/Vitis
RDI_ARGS= -c --mode hls --config C:\Users\Brandon\Desktop\codes\hls_component\hls_config.cfg --work_dir hls_component
RDI_ARGS_FUNCTION=RDI_EXEC_DEFAULT
RDI_BASEROOT=C:/AMDDesignTools/2025.2
RDI_BINDIR=C:/AMDDesignTools/2025.2/Vitis/bin
RDI_BINROOT=C:/AMDDesignTools/2025.2/Vitis/bin
RDI_BUILD=yes
RDI_CHECK_PROG=True
RDI_DATADIR=C:/AMDDesignTools/2025.2/SharedData/data;C:/AMDDesignTools/2025.2/Vitis/data
RDI_INSTALLROOT=C:/AMDDesignTools
RDI_INSTALLVER=Vitis
RDI_INSTALLVERSION=2025.2
RDI_JAVACEFROOT=C:/AMDDesignTools/2025.2/Vitis/tps/win64/java-cef-95.0.4638.69
RDI_JAVAFXROOT=C:/AMDDesignTools/2025.2/Vitis/tps/win64/javafx-sdk-11.0.2
RDI_JAVAROOT=C:/AMDDesignTools/2025.2/Vitis/tps/win64/jre11.0.16_1
RDI_JAVA_VERSION=11.0.16_1
RDI_LIBDIR=C:/AMDDesignTools/2025.2/Vitis/lib/win64.o
RDI_MINGW_LIB=C:/AMDDesignTools/2025.2/Vitis\tps\mingw\6.2.0\win64.o\nt\bin;C:/AMDDesignTools/2025.2/Vitis\tps\mingw\6.2.0\win64.o\nt\libexec\gcc\x86_64-w64-mingw32\6.2.0
RDI_OPT_EXT=.o
RDI_OS_ARCH=64
RDI_PLATFORM=win64
RDI_PREPEND_PATH=C:/AMDDesignTools/2025.2/Vitis/bin
RDI_PROG=C:/AMDDesignTools/2025.2/Vitis/bin/unwrapped/win64.o/v++.exe
RDI_PROGNAME=v++.exe
RDI_SESSION_INFO=C:\AMDDesignTools\2025.2\Vitis\bin:scat-Mon02-09-2026_3-25-42.89
RDI_SHARED_DATA=C:/AMDDesignTools/2025.2/SharedData/data
RDI_TEMPINSTALL=C:\AMDDesignTools\2025.2
RDI_TPS_ROOT=C:/AMDDesignTools/2025.2/Vivado/tps/win64
RDI_USE_JDK11=1
RDI_VERBOSE=False
RT_LIBPATH=C:/AMDDesignTools/2025.2/Vitis/scripts/rt/data
RT_TCL_PATH=C:/AMDDesignTools/2025.2/Vitis/scripts/rt/base_tcl/tcl
SESSIONNAME=Console
session_string=C:\Users\Brandon\Desktop\codes\hls_component:scat-Mon02-09-2026_3-41-46.52
supports_classic_ide=false
SYNTH_COMMON=C:/AMDDesignTools/2025.2/Vitis/scripts/rt/data
SystemDrive=C:
SystemRoot=C:\WINDOWS
TCL_LIBRARY=C:/AMDDesignTools/2025.2/Vitis/tps/tcl/tcl8.6
TCMALLOC_LARGE_ALLOC_REPORT_THRESHOLD=4294967296
TEMP=C:\Users\Brandon\AppData\Local\Temp
THEIA_APP_PROJECT_PATH=C:\AMDDesignTools\2025.2\Vitis\ide\electron-app\win64\resources\app
THEIA_DEFAULT_PLUGINS=local-dir:C:\AMDDesignTools\2025.2\Vitis\ide\electron-app\win64\resources\app\plugins
THEIA_ELECTRON_TOKEN={"value":"15a9c11d-b749-4837-88dc-9db98f363ae7"}
THEIA_ELECTRON_VERSION=30.1.2
THEIA_PLUGINS=local-dir:C:\Users\Brandon\.theia\plugins
TMP=C:\Users\Brandon\AppData\Local\Temp
tooldir=tps\win64\git-2.50.0
TOOLS_CLANGD=C:/AMDDesignTools/2025.2/Vitis/win64/tools/vcxx\libexec
TPS_CMAKE=C:/AMDDesignTools/2025.2/Vivado\tps\win64\cmake-3.24.2
TPS_GIT=C:/AMDDesignTools/2025.2/Vivado\tps\win64\git-2.50.0
TPS_LIBXSLT=C:/AMDDesignTools/2025.2/Vitis\tps\win64\libxslt
TPS_PYTHON=C:/AMDDesignTools/2025.2/Vivado\tps\win64\python-3.13.0
USERDOMAIN=scat
USERDOMAIN_ROAMINGPROFILE=scat
USERNAME=Brandon
USERPROFILE=C:\Users\Brandon
VALIDATE_ARGS="False"
VBOX_HWVIRTEX_IGNORE_SVM_IN_USE=1
VBOX_MSI_INSTALL_PATH=C:\Program Files\Oracle\VirtualBox\
VITISNEW=true
VITIS_HLS_INSTALL=true
VSCODE_API_VERSION=1.99.3
windir=C:\WINDOWS
XILINX_HLS=C:/AMDDesignTools/2025.2/Vitis
XILINX_PLANAHEAD=C:/AMDDesignTools/2025.2/Vitis
XILINX_SDK=C:/AMDDesignTools/2025.2/Vitis
XILINX_VCXX=C:/AMDDesignTools/2025.2/Vitis/win64/tools/vcxx
XILINX_VITIS=C:/AMDDesignTools/2025.2/Vitis
XILINX_VITIS_GIT=C:/AMDDesignTools/2025.2/Vivado\tps\win64\git-2.50.0\bin
XILINX_VITIS_VERSION=Vitis v2025.2 (64-bit)
XILINX_VIVADO=C:/AMDDesignTools/2025.2/Vivado
XIL_CHECK_TCL_DEBUG=False
XIL_NO_OVERRIDE=0
XIL_SUPPRESS_OVERRIDE_WARNINGS=1
XVREDIST=C:/AMDDesignTools/2025.2/Vitis\tps\win64\xvcredist.exe
_RDI_BINROOT=C:\AMDDesignTools\2025.2\Vitis\bin
_RDI_CWD=C:\Users\Brandon\Desktop\codes\hls_component
_RDI_DONT_SET_XILINX_AS_PATH=True
_RDI_VERSION_PROG=v++
_valid=False
XILINX_CD_CONNECT_ID=51904
XILINX_CD_SESSION=032a648d-2a68-4c0c-bc8a-e4a2addff7ca


V++ command line:
------------------------------------------
C:/AMDDesignTools/2025.2/Vitis/bin/unwrapped/win64.o/v++.exe -c --mode hls --config C:\Users\Brandon\Desktop\codes\hls_component\hls_config.cfg --work_dir hls_component 

FINAL PROGRAM OPTIONS
--compile
--config C:\Users\Brandon\Desktop\codes\hls_component\hls_config.cfg
--hls.flow_target vivado
--hls.package.output.format ip_catalog
--hls.package.output.syn false
--hls.syn.file ./hello.cpp
--hls.syn.top hello
--hls.tb.file ./hello_tb.cpp
--mode hls
--part xcvu9p-flga2104-2-i
--target hw
--work_dir hls_component

PARSED COMMAND LINE OPTIONS
-c 
--mode hls 
--config C:\Users\Brandon\Desktop\codes\hls_component\hls_config.cfg 
--work_dir hls_component 

PARSED CONFIG FILE (1) OPTIONS
file: C:\Users\Brandon\Desktop\codes\hls_component\hls_config.cfg
part xcvu9p-flga2104-2-i 
hls.flow_target vivado 
hls.package.output.format ip_catalog 
hls.package.output.syn false 
hls.syn.file ./hello.cpp 
hls.tb.file ./hello_tb.cpp 
hls.syn.top hello 


==========================================
new:  steps log generated by v++ for new launch 
timestamp: 09 Feb 2026 03:41:50

------------------------------------------
VITIS-RUN command line :
------------------------------------------
C:/AMDDesignTools/2025.2/Vitis/bin/unwrapped/win64.o/vitis-run.exe --mode hls --csim --config C:\Users\Brandon\Desktop\codes\hls_component\hls_config.cfg --work_dir hls_component 
  Options from -O    : 
  Options from *.ini : 
  Options from Hw Platform : 

==========================================
new:  steps log generated by v++ for new launch 
timestamp: 09 Feb 2026 03:44:32

------------------------------------------
VITIS-RUN command line :
------------------------------------------
C:/AMDDesignTools/2025.2/Vitis/bin/unwrapped/win64.o/vitis-run.exe --mode hls --csim --config C:\Users\Brandon\Desktop\codes\hls_component\hls_config.cfg --work_dir hls_component 
  Options from -O    : 
  Options from *.ini : 
  Options from Hw Platform : 

==========================================
new:  steps log generated by v++ for new launch 
timestamp: 09 Feb 2026 03:47:56

------------------------------------------
VITIS-RUN command line :
------------------------------------------
C:/AMDDesignTools/2025.2/Vitis/bin/unwrapped/win64.o/vitis-run.exe --mode hls --csim --config C:\Users\Brandon\Desktop\codes\hls_bruh\hls_component\hls_config.cfg --work_dir hls_component 
  Options from -O    : 
  Options from *.ini : 
  Options from Hw Platform : 

==========================================
new:  steps log generated by v++ for new launch 
timestamp: 09 Feb 2026 14:33:47

------------------------------------------
V++ command line :
------------------------------------------
C:/AMDDesignTools/2025.2/Vitis/bin/unwrapped/win64.o/v++.exe -c --mode hls --config C:\Users\Brandon\Desktop\codes\hls_bruh\hls_component\hls_config.cfg --work_dir hls_component 
  Options from -O    : 
  Options from *.ini : 
  Options from Hw Platform : 

==========================================
new:  steps log generated by v++ for new launch 
timestamp: 09 Feb 2026 15:17:52

------------------------------------------
V++ command line :
------------------------------------------
C:/AMDDesignTools/2025.2/Vitis/bin/unwrapped/win64.o/v++.exe -c --mode hls --config C:\Users\Brandon\Desktop\codes\hls_bruh\hls_component\hls_config.cfg --work_dir hls_component 
  Options from -O    : 
  Options from *.ini : 
  Options from Hw Platform : 

==========================================
new:  steps log generated by v++ for new launch 
timestamp: 09 Feb 2026 15:18:30

------------------------------------------
VITIS-RUN command line :
------------------------------------------
C:/AMDDesignTools/2025.2/Vitis/bin/unwrapped/win64.o/vitis-run.exe --mode hls --csim --config C:\Users\Brandon\Desktop\codes\hls_bruh\hls_component\hls_config.cfg --work_dir hls_component 
  Options from -O    : 
  Options from *.ini : 
  Options from Hw Platform : 

==========================================
new:  steps log generated by v++ for new launch 
timestamp: 09 Feb 2026 16:04:08

------------------------------------------
VITIS-RUN command line :
------------------------------------------
C:/AMDDesignTools/2025.2/Vitis/bin/unwrapped/win64.o/vitis-run.exe --mode hls --csim --config C:\Users\Brandon\Desktop\codes\hls_bruh\hls_component\hls_config.cfg --work_dir hls_component 
  Options from -O    : 
  Options from *.ini : 
  Options from Hw Platform : 

==========================================
new:  steps log generated by v++ for new launch 
timestamp: 09 Feb 2026 16:22:07

------------------------------------------
VITIS-RUN command line :
------------------------------------------
C:/AMDDesignTools/2025.2/Vitis/bin/unwrapped/win64.o/vitis-run.exe --mode hls --csim --config C:\Users\Brandon\Desktop\codes\hls_bruh\hls_component\hls_config.cfg --work_dir hls_component 
  Options from -O    : 
  Options from *.ini : 
  Options from Hw Platform : 

==========================================
new:  steps log generated by v++ for new launch 
timestamp: 09 Feb 2026 16:24:23

------------------------------------------
VITIS-RUN command line :
------------------------------------------
C:/AMDDesignTools/2025.2/Vitis/bin/unwrapped/win64.o/vitis-run.exe --mode hls --csim --config C:\Users\Brandon\Desktop\codes\hls_bruh\hls_component\hls_config.cfg --work_dir hls_component 
  Options from -O    : 
  Options from *.ini : 
  Options from Hw Platform : 

==========================================
new:  steps log generated by v++ for new launch 
timestamp: 09 Feb 2026 16:29:44

------------------------------------------
VITIS-RUN command line :
------------------------------------------
C:/AMDDesignTools/2025.2/Vitis/bin/unwrapped/win64.o/vitis-run.exe --mode hls --csim --config C:\Users\Brandon\Desktop\codes\hls_bruh\hls_component\hls_config.cfg --work_dir hls_component 
  Options from -O    : 
  Options from *.ini : 
  Options from Hw Platform : 

==========================================
new:  steps log generated by v++ for new launch 
timestamp: 09 Feb 2026 16:33:46

------------------------------------------
V++ command line :
------------------------------------------
C:/AMDDesignTools/2025.2/Vitis/bin/unwrapped/win64.o/v++.exe -c --mode hls --config C:\Users\Brandon\Desktop\codes\hls_bruh\hls_component\hls_config.cfg --work_dir hls_component 
  Options from -O    : 
  Options from *.ini : 
  Options from Hw Platform : 

==========================================
new:  steps log generated by v++ for new launch 
timestamp: 09 Feb 2026 16:36:09

------------------------------------------
V++ command line :
------------------------------------------
C:/AMDDesignTools/2025.2/Vitis/bin/unwrapped/win64.o/v++.exe -c --mode hls --config C:\Users\Brandon\Desktop\codes\hls_bruh\hls_component\hls_config.cfg --work_dir hls_component 
  Options from -O    : 
  Options from *.ini : 
  Options from Hw Platform : 

==========================================
new:  steps log generated by v++ for new launch 
timestamp: 09 Feb 2026 16:38:01

------------------------------------------
VITIS-RUN command line :
------------------------------------------
C:/AMDDesignTools/2025.2/Vitis/bin/unwrapped/win64.o/vitis-run.exe --mode hls --csim --config C:\Users\Brandon\Desktop\codes\hls_bruh\hls_component\hls_config.cfg --work_dir hls_component 
  Options from -O    : 
  Options from *.ini : 
  Options from Hw Platform : 

==========================================
new:  steps log generated by v++ for new launch 
timestamp: 09 Feb 2026 16:39:04

------------------------------------------
V++ command line :
------------------------------------------
C:/AMDDesignTools/2025.2/Vitis/bin/unwrapped/win64.o/v++.exe -c --mode hls --config C:\Users\Brandon\Desktop\codes\hls_bruh\hls_component\hls_config.cfg --work_dir hls_component 
  Options from -O    : 
  Options from *.ini : 
  Options from Hw Platform : 

==========================================
new:  steps log generated by v++ for new launch 
timestamp: 09 Feb 2026 16:39:47

------------------------------------------
VITIS-RUN command line :
------------------------------------------
C:/AMDDesignTools/2025.2/Vitis/bin/unwrapped/win64.o/vitis-run.exe --mode hls --csim --config C:\Users\Brandon\Desktop\codes\hls_bruh\hls_component\hls_config.cfg --work_dir hls_component 
  Options from -O    : 
  Options from *.ini : 
  Options from Hw Platform : 

==========================================
new:  steps log generated by v++ for new launch 
timestamp: 20 Feb 2026 14:56:16

------------------------------------------
VITIS-RUN command line :
------------------------------------------
C:/AMDDesignTools/2025.2/Vitis/bin/unwrapped/win64.o/vitis-run.exe --mode hls --csim --config C:\Users\Brandon\Desktop\codes\hls_bruh\hls_component\hls_config.cfg --work_dir hls_component 
  Options from -O    : 
  Options from *.ini : 
  Options from Hw Platform : 

==========================================
new:  steps log generated by v++ for new launch 
timestamp: 20 Feb 2026 14:57:30

------------------------------------------
VITIS-RUN command line :
------------------------------------------
C:/AMDDesignTools/2025.2/Vitis/bin/unwrapped/win64.o/vitis-run.exe --mode hls --csim --config C:\Users\Brandon\Desktop\codes\hls_bruh\hls_component\hls_config.cfg --work_dir hls_component 
  Options from -O    : 
  Options from *.ini : 
  Options from Hw Platform : 

==========================================
new:  steps log generated by v++ for new launch 
timestamp: 20 Feb 2026 15:12:51

------------------------------------------
VITIS-RUN command line :
------------------------------------------
C:/AMDDesignTools/2025.2/Vitis/bin/unwrapped/win64.o/vitis-run.exe --mode hls --csim --config C:\Users\Brandon\Desktop\codes\hls_bruh\hls_component\hls_config.cfg --work_dir hls_component 
  Options from -O    : 
  Options from *.ini : 
  Options from Hw Platform : 

==========================================
new:  steps log generated by v++ for new launch 
timestamp: 20 Feb 2026 15:13:22

------------------------------------------
VITIS-RUN command line :
------------------------------------------
C:/AMDDesignTools/2025.2/Vitis/bin/unwrapped/win64.o/vitis-run.exe --mode hls --csim --config C:\Users\Brandon\Desktop\codes\hls_bruh\hls_component\hls_config.cfg --work_dir hls_component 
  Options from -O    : 
  Options from *.ini : 
  Options from Hw Platform : 

==========================================
new:  steps log generated by v++ for new launch 
timestamp: 23 Feb 2026 16:28:16

------------------------------------------
VITIS-RUN command line :
------------------------------------------
C:/AMDDesignTools/2025.2/Vitis/bin/unwrapped/win64.o/vitis-run.exe --mode hls --csim --config C:\Users\Brandon\Desktop\codes\hls_bruh\hls_component\hls_config.cfg --work_dir hls_component 
  Options from -O    : 
  Options from *.ini : 
  Options from Hw Platform : 

==========================================
new:  steps log generated by v++ for new launch 
timestamp: 23 Feb 2026 16:29:43

------------------------------------------
VITIS-RUN command line :
------------------------------------------
C:/AMDDesignTools/2025.2/Vitis/bin/unwrapped/win64.o/vitis-run.exe --mode hls --csim --config C:\Users\Brandon\Desktop\codes\hls_bruh\hls_component\hls_config.cfg --work_dir hls_component 
  Options from -O    : 
  Options from *.ini : 
  Options from Hw Platform : 

==========================================
new:  steps log generated by v++ for new launch 
timestamp: 23 Feb 2026 16:33:04

------------------------------------------
VITIS-RUN command line :
------------------------------------------
C:/AMDDesignTools/2025.2/Vitis/bin/unwrapped/win64.o/vitis-run.exe --mode hls --csim --config C:\Users\Brandon\Desktop\codes\hls_bruh\hls_component\hls_config.cfg --work_dir hls_component 
  Options from -O    : 
  Options from *.ini : 
  Options from Hw Platform : 

==========================================
new:  steps log generated by v++ for new launch 
timestamp: 23 Feb 2026 16:37:24

------------------------------------------
VITIS-RUN command line :
------------------------------------------
C:/AMDDesignTools/2025.2/Vitis/bin/unwrapped/win64.o/vitis-run.exe --mode hls --csim --config C:\Users\Brandon\Desktop\codes\hls_bruh\hls_component\hls_config.cfg --work_dir hls_component 
  Options from -O    : 
  Options from *.ini : 
  Options from Hw Platform : 

==========================================
new:  steps log generated by v++ for new launch 
timestamp: 23 Feb 2026 16:40:50

------------------------------------------
VITIS-RUN command line :
------------------------------------------
C:/AMDDesignTools/2025.2/Vitis/bin/unwrapped/win64.o/vitis-run.exe --mode hls --csim --config C:\Users\Brandon\Desktop\codes\hls_bruh\hls_component\hls_config.cfg --work_dir hls_component 
  Options from -O    : 
  Options from *.ini : 
  Options from Hw Platform : 

==========================================
new:  steps log generated by v++ for new launch 
timestamp: 23 Feb 2026 16:51:48

------------------------------------------
VITIS-RUN command line :
------------------------------------------
C:/AMDDesignTools/2025.2/Vitis/bin/unwrapped/win64.o/vitis-run.exe --mode hls --csim --config C:\Users\Brandon\Desktop\codes\hls_bruh\hls_component\hls_config.cfg --work_dir hls_component 
  Options from -O    : 
  Options from *.ini : 
  Options from Hw Platform : 

==========================================
new:  steps log generated by v++ for new launch 
timestamp: 23 Feb 2026 16:54:35

------------------------------------------
V++ command line :
------------------------------------------
C:/AMDDesignTools/2025.2/Vitis/bin/unwrapped/win64.o/v++.exe -c --mode hls --config C:\Users\Brandon\Desktop\codes\hls_bruh\hls_component\hls_config.cfg --work_dir hls_component 
  Options from -O    : 
  Options from *.ini : 
  Options from Hw Platform : 

==========================================
new:  steps log generated by v++ for new launch 
timestamp: 23 Feb 2026 16:58:37

------------------------------------------
V++ command line :
------------------------------------------
C:/AMDDesignTools/2025.2/Vitis/bin/unwrapped/win64.o/v++.exe -c --mode hls --config C:\Users\Brandon\Desktop\codes\hls_bruh\hls_component\hls_config.cfg --work_dir hls_component 
  Options from -O    : 
  Options from *.ini : 
  Options from Hw Platform : 

==========================================
new:  steps log generated by v++ for new launch 
timestamp: 23 Feb 2026 17:00:25

------------------------------------------
VITIS-RUN command line :
------------------------------------------
C:/AMDDesignTools/2025.2/Vitis/bin/unwrapped/win64.o/vitis-run.exe --mode hls --csim --config C:\Users\Brandon\Desktop\codes\hls_bruh\hls_component\hls_config.cfg --work_dir hls_component 
  Options from -O    : 
  Options from *.ini : 
  Options from Hw Platform : 

==========================================
new:  steps log generated by v++ for new launch 
timestamp: 23 Feb 2026 17:07:53

------------------------------------------
V++ command line :
------------------------------------------
C:/AMDDesignTools/2025.2/Vitis/bin/unwrapped/win64.o/v++.exe -c --mode hls --config C:\Users\Brandon\Desktop\codes\hls_bruh\hls_component\hls_config.cfg --work_dir hls_component 
  Options from -O    : 
  Options from *.ini : 
  Options from Hw Platform : 

==========================================
new:  steps log generated by v++ for new launch 
timestamp: 23 Feb 2026 17:07:56

------------------------------------------
V++ command line :
------------------------------------------
C:/AMDDesignTools/2025.2/Vitis/bin/unwrapped/win64.o/v++.exe -c --mode hls --config C:\Users\Brandon\Desktop\codes\hls_bruh\hls_component\hls_config.cfg --work_dir hls_component 
  Options from -O    : 
  Options from *.ini : 
  Options from Hw Platform : 

==========================================
new:  steps log generated by v++ for new launch 
timestamp: 28 Feb 2026 20:53:48

------------------------------------------
VITIS-RUN command line :
------------------------------------------
C:/AMDDesignTools/2025.2/Vitis/bin/unwrapped/win64.o/vitis-run.exe --mode hls --impl --config C:\Users\Brandon\Desktop\codes\hls_bruh\hls_component\hls_config.cfg --work_dir hls_component 
  Options from -O    : 
  Options from *.ini : 
  Options from Hw Platform : 

==========================================
new:  steps log generated by v++ for new launch 
timestamp: 01 Mar 2026 05:56:39

------------------------------------------
VITIS-RUN command line :
------------------------------------------
C:/AMDDesignTools/2025.2/Vitis/bin/unwrapped/win64.o/vitis-run.exe --mode hls --impl --config C:\Users\Brandon\Desktop\codes\hls_bruh\hls_component\hls_config.cfg --work_dir hls_component 
  Options from -O    : 
  Options from *.ini : 
  Options from Hw Platform : 

==========================================
new:  steps log generated by v++ for new launch 
timestamp: 01 Mar 2026 06:14:16

------------------------------------------
VITIS-RUN command line :
------------------------------------------
C:/AMDDesignTools/2025.2/Vitis/bin/unwrapped/win64.o/vitis-run.exe --mode hls --impl --config C:\Users\Brandon\Desktop\codes\hls_bruh\hls_component\hls_config.cfg --work_dir hls_component 
  Options from -O    : 
  Options from *.ini : 
  Options from Hw Platform : 

==========================================
new:  steps log generated by v++ for new launch 
timestamp: 01 Mar 2026 06:20:41

------------------------------------------
VITIS-RUN command line :
------------------------------------------
C:/AMDDesignTools/2025.2/Vitis/bin/unwrapped/win64.o/vitis-run.exe --mode hls --csim --config C:\Users\Brandon\Desktop\codes\hls_bruh\hls_component\hls_config.cfg --work_dir hls_component 
  Options from -O    : 
  Options from *.ini : 
  Options from Hw Platform : 

==========================================
new:  steps log generated by v++ for new launch 
timestamp: 04 Mar 2026 05:03:54

------------------------------------------
VITIS-RUN command line :
------------------------------------------
C:/AMDDesignTools/2025.2/Vitis/bin/unwrapped/win64.o/vitis-run.exe --mode hls --csim --config C:\Users\Brandon\Desktop\codes\hls_bruh\hls_component\hls_config.cfg --work_dir hls_component 
  Options from -O    : 
  Options from *.ini : 
  Options from Hw Platform : 

==========================================
new:  steps log generated by v++ for new launch 
timestamp: 04 Mar 2026 05:15:33

------------------------------------------
VITIS-RUN command line :
------------------------------------------
C:/AMDDesignTools/2025.2/Vitis/bin/unwrapped/win64.o/vitis-run.exe --mode hls --csim --config C:\Users\Brandon\Desktop\codes\hls_bruh\hls_component\hls_config.cfg --work_dir hls_component 
  Options from -O    : 
  Options from *.ini : 
  Options from Hw Platform : 

==========================================
new:  steps log generated by v++ for new launch 
timestamp: 04 Mar 2026 06:05:55

------------------------------------------
VITIS-RUN command line :
------------------------------------------
C:/AMDDesignTools/2025.2/Vitis/bin/unwrapped/win64.o/vitis-run.exe --mode hls --csim --config C:\Users\Brandon\Desktop\codes\hls_bruh\hls_component\hls_config.cfg --work_dir hls_component 
  Options from -O    : 
  Options from *.ini : 
  Options from Hw Platform : 

==========================================
new:  steps log generated by v++ for new launch 
timestamp: 04 Mar 2026 06:37:50

------------------------------------------
VITIS-RUN command line :
------------------------------------------
C:/AMDDesignTools/2025.2/Vitis/bin/unwrapped/win64.o/vitis-run.exe --mode hls --csim --config C:\Users\Brandon\Desktop\codes\hls_bruh\hls_component\hls_config.cfg --work_dir hls_component 
  Options from -O    : 
  Options from *.ini : 
  Options from Hw Platform : 

==========================================
new:  steps log generated by v++ for new launch 
timestamp: 04 Mar 2026 06:52:55

------------------------------------------
V++ command line :
------------------------------------------
C:/AMDDesignTools/2025.2/Vitis/bin/unwrapped/win64.o/v++.exe -c --mode hls --config C:\Users\Brandon\Desktop\codes\hls_bruh\hls_component\hls_config.cfg --work_dir hls_component 
  Options from -O    : 
  Options from *.ini : 
  Options from Hw Platform : 

==========================================
new:  steps log generated by v++ for new launch 
timestamp: 04 Mar 2026 06:56:11

------------------------------------------
V++ command line :
------------------------------------------
C:/AMDDesignTools/2025.2/Vitis/bin/unwrapped/win64.o/v++.exe -c --mode hls --config C:\Users\Brandon\Desktop\codes\hls_bruh\hls_component\hls_config.cfg --work_dir hls_component 
  Options from -O    : 
  Options from *.ini : 
  Options from Hw Platform : 

==========================================
new:  steps log generated by v++ for new launch 
timestamp: 04 Mar 2026 07:01:09

------------------------------------------
VITIS-RUN command line :
------------------------------------------
C:/AMDDesignTools/2025.2/Vitis/bin/unwrapped/win64.o/vitis-run.exe --mode hls --csim --config C:\Users\Brandon\Desktop\codes\hls_bruh\hls_component\hls_config.cfg --work_dir hls_component 
  Options from -O    : 
  Options from *.ini : 
  Options from Hw Platform : 

==========================================
new:  steps log generated by v++ for new launch 
timestamp: 04 Mar 2026 07:23:27

------------------------------------------
V++ command line :
------------------------------------------
C:/AMDDesignTools/2025.2/Vitis/bin/unwrapped/win64.o/v++.exe -c --mode hls --config C:\Users\Brandon\Desktop\codes\hls_bruh\hls_component\hls_config.cfg --work_dir hls_component 
  Options from -O    : 
  Options from *.ini : 
  Options from Hw Platform : 

==========================================
new:  steps log generated by v++ for new launch 
timestamp: 04 Mar 2026 07:23:30

------------------------------------------
V++ command line :
------------------------------------------
C:/AMDDesignTools/2025.2/Vitis/bin/unwrapped/win64.o/v++.exe -c --mode hls --config C:\Users\Brandon\Desktop\codes\hls_bruh\hls_component\hls_config.cfg --work_dir hls_component 
  Options from -O    : 
  Options from *.ini : 
  Options from Hw Platform : 

==========================================
new:  steps log generated by v++ for new launch 
timestamp: 04 Mar 2026 07:59:08

------------------------------------------
VITIS-RUN command line :
------------------------------------------
C:/AMDDesignTools/2025.2/Vitis/bin/unwrapped/win64.o/vitis-run.exe --mode hls --csim --config C:\Users\Brandon\Desktop\codes\hls_bruh\hls_component\hls_config.cfg --work_dir hls_component 
  Options from -O    : 
  Options from *.ini : 
  Options from Hw Platform : 

==========================================
new:  steps log generated by v++ for new launch 
timestamp: 04 Mar 2026 09:02:55

------------------------------------------
V++ command line :
------------------------------------------
C:/AMDDesignTools/2025.2/Vitis/bin/unwrapped/win64.o/v++.exe -c --mode hls --config C:\Users\Brandon\Desktop\codes\hls_bruh\hls_component\hls_config.cfg --work_dir hls_component 
  Options from -O    : 
  Options from *.ini : 
  Options from Hw Platform : 

==========================================
new:  steps log generated by v++ for new launch 
timestamp: 04 Mar 2026 09:03:46

------------------------------------------
V++ command line :
------------------------------------------
C:/AMDDesignTools/2025.2/Vitis/bin/unwrapped/win64.o/v++.exe -c --mode hls --config C:\Users\Brandon\Desktop\codes\hls_bruh\hls_component\hls_config.cfg --work_dir hls_component 
  Options from -O    : 
  Options from *.ini : 
  Options from Hw Platform : 

==========================================
new:  steps log generated by v++ for new launch 
timestamp: 04 Mar 2026 09:10:38

------------------------------------------
V++ command line :
------------------------------------------
C:/AMDDesignTools/2025.2/Vitis/bin/unwrapped/win64.o/v++.exe -c --mode hls --config C:\Users\Brandon\Desktop\codes\hls_bruh\hls_component\hls_config.cfg --work_dir hls_component 
  Options from -O    : 
  Options from *.ini : 
  Options from Hw Platform : 

==========================================
new:  steps log generated by v++ for new launch 
timestamp: 04 Mar 2026 09:15:17

------------------------------------------
V++ command line :
------------------------------------------
C:/AMDDesignTools/2025.2/Vitis/bin/unwrapped/win64.o/v++.exe -c --mode hls --config C:\Users\Brandon\Desktop\codes\hls_bruh\hls_component\hls_config.cfg --work_dir hls_component 
  Options from -O    : 
  Options from *.ini : 
  Options from Hw Platform : 

==========================================
new:  steps log generated by v++ for new launch 
timestamp: 04 Mar 2026 09:18:48

------------------------------------------
V++ command line :
------------------------------------------
C:/AMDDesignTools/2025.2/Vitis/bin/unwrapped/win64.o/v++.exe -c --mode hls --config C:\Users\Brandon\Desktop\codes\hls_bruh\hls_component\hls_config.cfg --work_dir hls_component 
  Options from -O    : 
  Options from *.ini : 
  Options from Hw Platform : 

==========================================
new:  steps log generated by v++ for new launch 
timestamp: 04 Mar 2026 09:24:11

------------------------------------------
V++ command line :
------------------------------------------
C:/AMDDesignTools/2025.2/Vitis/bin/unwrapped/win64.o/v++.exe -c --mode hls --config C:\Users\Brandon\Desktop\codes\hls_bruh\hls_component\hls_config.cfg --work_dir hls_component 
  Options from -O    : 
  Options from *.ini : 
  Options from Hw Platform : 

==========================================
new:  steps log generated by v++ for new launch 
timestamp: 04 Mar 2026 09:31:06

------------------------------------------
V++ command line :
------------------------------------------
C:/AMDDesignTools/2025.2/Vitis/bin/unwrapped/win64.o/v++.exe -c --mode hls --config C:\Users\Brandon\Desktop\codes\hls_bruh\hls_component\hls_config.cfg --work_dir hls_component 
  Options from -O    : 
  Options from *.ini : 
  Options from Hw Platform : 

==========================================
new:  steps log generated by v++ for new launch 
timestamp: 08 Mar 2026 05:24:15

------------------------------------------
V++ command line :
------------------------------------------
C:/AMDDesignTools/2025.2/Vitis/bin/unwrapped/win64.o/v++.exe -c --mode hls --config C:\Users\Brandon\Desktop\codes\hls_bruh\hls_component\hls_config.cfg --work_dir hls_component 
  Options from -O    : 
  Options from *.ini : 
  Options from Hw Platform : 

==========================================
new:  steps log generated by v++ for new launch 
timestamp: 08 Mar 2026 06:05:53

------------------------------------------
V++ command line :
------------------------------------------
C:/AMDDesignTools/2025.2/Vitis/bin/unwrapped/win64.o/v++.exe -c --mode hls --config C:\Users\Brandon\Desktop\codes\hls_bruh\hls_component\hls_config.cfg --work_dir hls_component 
  Options from -O    : 
  Options from *.ini : 
  Options from Hw Platform : 

==========================================
new:  steps log generated by v++ for new launch 
timestamp: 08 Mar 2026 06:15:54

------------------------------------------
V++ command line :
------------------------------------------
C:/AMDDesignTools/2025.2/Vitis/bin/unwrapped/win64.o/v++.exe -c --mode hls --config C:\Users\Brandon\Desktop\codes\hls_bruh\hls_component\hls_config.cfg --work_dir hls_component 
  Options from -O    : 
  Options from *.ini : 
  Options from Hw Platform : 

==========================================
new:  steps log generated by v++ for new launch 
timestamp: 08 Mar 2026 06:21:45

------------------------------------------
V++ command line :
------------------------------------------
C:/AMDDesignTools/2025.2/Vitis/bin/unwrapped/win64.o/v++.exe -c --mode hls --config C:\Users\Brandon\Desktop\codes\hls_bruh\hls_component\hls_config.cfg --work_dir hls_component 
  Options from -O    : 
  Options from *.ini : 
  Options from Hw Platform : 

==========================================
new:  steps log generated by v++ for new launch 
timestamp: 08 Mar 2026 06:27:18
