Time resolution is 1 ps
Image 0 done
Image 1 done
Image 2 done
Image 3 done
Image 4 done
Image 5 done
Image 6 done
Image 7 done
Image 8 done
Image 9 done
Image 10 done
Image 11 done
Image 12 done
Image 13 done
Image 14 done
Image 15 done
Image 16 done
Image 17 done
Image 18 done
Image 19 done
Image 20 done
Image 21 done
Image 22 done
Image 23 done
Image 24 done
Image 25 done
Image 26 done
Image 27 done
Image 28 done
Image 29 done
Image 30 done
Image 31 done
Image 32 done
Image 33 done
Image 34 done
Image 35 done
Image 36 done
Image 37 done
Image 38 done
Image 39 done
Image 40 done
Image 41 done
Image 42 done
Image 43 done
Image 44 done
Image 45 done
Image 46 done
Image 47 done
Image 48 done
Image 49 done
Image 50 done
Image 51 done
Image 52 done
Image 53 done
Image 54 done
Image 55 done
Image 56 done
Image 57 done
Image 58 done
Image 59 done
Image 60 done
Image 61 done
Image 62 done
Image 63 done
Image 64 done
Image 65 done
Image 66 done
Image 67 done
Image 68 done
Image 69 done
Image 70 done
Image 71 done
Image 72 done
Image 73 done
Image 74 done
Image 75 done
Image 76 done
Image 77 done
Image 78 done
Image 79 done
Image 80 done
Image 81 done
Image 82 done
Image 83 done
Image 84 done
Image 85 done
Image 86 done
Image 87 done
Image 88 done
Image 89 done
Image 90 done
Image 91 done
Image 92 done
Image 93 done
Image 94 done
Image 95 done
Image 96 done
Image 97 done
Image 98 done
Image 99 done
Image 100 done
Image 101 done
Image 102 done
Image 103 done
Image 104 done
Image 105 done
Image 106 done
Image 107 done
Image 108 done
Image 109 done
Image 110 done
Image 111 done
Image 112 done
Image 113 done
Image 114 done
Image 115 done
Image 116 done
Image 117 done
Image 118 done
Image 119 done
Image 120 done
Image 121 done
Image 122 done
Image 123 done
Image 124 done
Image 125 done
Image 126 done
Image 127 done
Image 128 done
Image 129 done
Image 130 done
Image 131 done
Image 132 done
Image 133 done
Image 134 done
Image 135 done
Image 136 done
Image 137 done
Image 138 done
Image 139 done
Image 140 done
Image 141 done
Image 142 done
Image 143 done
Image 144 done
Image 145 done
Image 146 done
Image 147 done
Image 148 done
Image 149 done
Image 150 done
Image 151 done
Image 152 done
Image 153 done
Image 154 done
Image 155 done
Image 156 done
Image 157 done
Image 158 done
Image 159 done
Image 160 done
Image 161 done
Image 162 done
Image 163 done
Image 164 done
Image 165 done
Image 166 done
Image 167 done
Image 168 done
Image 169 done
Image 170 done
Image 171 done
Image 172 done
Image 173 done
Image 174 done
Image 175 done
Image 176 done
Image 177 done
Image 178 done
Image 179 done
Image 180 done
Image 181 done
Image 182 done
Image 183 done
Image 184 done
Image 185 done
Image 186 done
Image 187 done
Image 188 done
Image 189 done
Image 190 done
Image 191 done
Image 192 done
Image 193 done
Image 194 done
Image 195 done
Image 196 done
Image 197 done
Image 198 done
Image 199 done
Image 200 done
Image 201 done
Image 202 done
Image 203 done
Image 204 done
Image 205 done
Image 206 done
Image 207 done
Image 208 done
Image 209 done
Image 210 done
Image 211 done
Image 212 done
Image 213 done
Image 214 done
Image 215 done
Image 216 done
Image 217 done
Image 218 done
Image 219 done
Image 220 done
Image 221 done
Image 222 done
Image 223 done
Image 224 done
Image 225 done
Image 226 done
Image 227 done
Image 228 done
Image 229 done
Image 230 done
Image 231 done
Image 232 done
Image 233 done
Image 234 done
Image 235 done
Image 236 done
Image 237 done
Image 238 done
Image 239 done
Image 240 done
Image 241 done
Image 242 done
Image 243 done
Image 244 done
Image 245 done
Image 246 done
Image 247 done
Image 248 done
Image 249 done
Image 250 done
Image 251 done
Image 252 done
Image 253 done
Image 254 done
Image 255 done
Image 256 done
Image 257 done
Image 258 done
Image 259 done
Image 260 done
Image 261 done
Image 262 done
Image 263 done
Image 264 done
Image 265 done
Image 266 done
Image 267 done
Image 268 done
Image 269 done
Image 270 done
Image 271 done
Image 272 done
Image 273 done
Image 274 done
Image 275 done
Image 276 done
Image 277 done
Image 278 done
Image 279 done
Image 280 done
Image 281 done
Image 282 done
Image 283 done
Image 284 done
Image 285 done
Image 286 done
Image 287 done
Image 288 done
Image 289 done
Image 290 done
Image 291 done
Image 292 done
Image 293 done
Image 294 done
Image 295 done
Image 296 done
Image 297 done
Image 298 done
Image 299 done
Image 300 done
Image 301 done
Image 302 done
Image 303 done
Image 304 done
Image 305 done
Image 306 done
Image 307 done
Image 308 done
Image 309 done
Image 310 done
Image 311 done
Image 312 done
Image 313 done
Image 314 done
Image 315 done
Image 316 done
Image 317 done
Image 318 done
Image 319 done
Image 320 done
Image 321 done
Image 322 done
Image 323 done
Image 324 done
Image 325 done
Image 326 done
Image 327 done
Image 328 done
Image 329 done
Image 330 done
Image 331 done
Image 332 done
Image 333 done
Image 334 done
Image 335 done
Image 336 done
Image 337 done
Image 338 done
Image 339 done
Image 340 done
Image 341 done
Image 342 done
Image 343 done
Image 344 done
Image 345 done
Image 346 done
Image 347 done
Image 348 done
Image 349 done
Image 350 done
Image 351 done
Image 352 done
Image 353 done
Image 354 done
Image 355 done
Image 356 done
Image 357 done
Image 358 done
Image 359 done
Image 360 done
Image 361 done
Image 362 done
Image 363 done
Image 364 done
Image 365 done
Image 366 done
Image 367 done
Image 368 done
Image 369 done
Image 370 done
Image 371 done
Image 372 done
Image 373 done
Image 374 done
Image 375 done
Image 376 done
Image 377 done
Image 378 done
Image 379 done
Image 380 done
Image 381 done
Image 382 done
Image 383 done
Image 384 done
Image 385 done
Image 386 done
Image 387 done
Image 388 done
Image 389 done
Image 390 done
Image 391 done
Image 392 done
Image 393 done
Image 394 done
Image 395 done
Image 396 done
Image 397 done
Image 398 done
Image 399 done
Image 400 done
Image 401 done
Image 402 done
Image 403 done
Image 404 done
Image 405 done
Image 406 done
Image 407 done
Image 408 done
Image 409 done
Image 410 done
Image 411 done
Image 412 done
Image 413 done
Image 414 done
Image 415 done
Image 416 done
Image 417 done
Image 418 done
Image 419 done
Image 420 done
Image 421 done
Image 422 done
Image 423 done
Image 424 done
Image 425 done
Image 426 done
Image 427 done
Image 428 done
Image 429 done
Image 430 done
Image 431 done
Image 432 done
Image 433 done
Image 434 done
Image 435 done
Image 436 done
Image 437 done
Image 438 done
Image 439 done
Image 440 done
Image 441 done
Image 442 done
Image 443 done
Image 444 done
Image 445 done
Image 446 done
Image 447 done
Image 448 done
Image 449 done
Image 450 done
Image 451 done
Image 452 done
Image 453 done
Image 454 done
Image 455 done
Image 456 done
Image 457 done
Image 458 done
Image 459 done
Image 460 done
Image 461 done
Image 462 done
Image 463 done
Image 464 done
Image 465 done
Image 466 done
Image 467 done
Image 468 done
Image 469 done
Image 470 done
Image 471 done
Image 472 done
Image 473 done
Image 474 done
Image 475 done
Image 476 done
Image 477 done
Image 478 done
Image 479 done
Image 480 done
Image 481 done
Image 482 done
Image 483 done
Image 484 done
Image 485 done
Image 486 done
Image 487 done
Image 488 done
Image 489 done
Image 490 done
Image 491 done
Image 492 done
Image 493 done
Image 494 done
Image 495 done
Image 496 done
Image 497 done
Image 498 done
Image 499 done
Image 500 done
Image 501 done
Image 502 done
Image 503 done
Image 504 done
Image 505 done
Image 506 done
Image 507 done
Image 508 done
Image 509 done
Image 510 done
Image 511 done
Image 512 done
Image 513 done
Image 514 done
Image 515 done
Image 516 done
Image 517 done
Image 518 done
Image 519 done
Image 520 done
Image 521 done
Image 522 done
Image 523 done
Image 524 done
Image 525 done
Image 526 done
Image 527 done
Image 528 done
Image 529 done
Image 530 done
Image 531 done
Image 532 done
Image 533 done
Image 534 done
Image 535 done
Image 536 done
Image 537 done
Image 538 done
Image 539 done
Image 540 done
Image 541 done
Image 542 done
Image 543 done
Image 544 done
Image 545 done
Image 546 done
Image 547 done
Image 548 done
Image 549 done
Image 550 done
Image 551 done
Image 552 done
Image 553 done
Image 554 done
Image 555 done
Image 556 done
Image 557 done
Image 558 done
Image 559 done
Image 560 done
Image 561 done
Image 562 done
Image 563 done
Image 564 done
Image 565 done
Image 566 done
Image 567 done
Image 568 done
Image 569 done
Image 570 done
Image 571 done
Image 572 done
Image 573 done
Image 574 done
Image 575 done
Image 576 done
Image 577 done
Image 578 done
Image 579 done
Image 580 done
Image 581 done
Image 582 done
Image 583 done
Image 584 done
Image 585 done
Image 586 done
Image 587 done
Image 588 done
Image 589 done
Image 590 done
Image 591 done
Image 592 done
Image 593 done
Image 594 done
Image 595 done
Image 596 done
Image 597 done
Image 598 done
Image 599 done
Image 600 done
Image 601 done
Image 602 done
Image 603 done
Image 604 done
Image 605 done
Image 606 done
Image 607 done
Image 608 done
Image 609 done
Image 610 done
Image 611 done
Image 612 done
Image 613 done
Image 614 done
Image 615 done
Image 616 done
Image 617 done
Image 618 done
Image 619 done
Image 620 done
Image 621 done
Image 622 done
Image 623 done
Image 624 done
Image 625 done
Image 626 done
Image 627 done
Image 628 done
Image 629 done
Image 630 done
Image 631 done
Image 632 done
Image 633 done
Image 634 done
Image 635 done
Image 636 done
Image 637 done
Image 638 done
Image 639 done
Image 640 done
Image 641 done
Image 642 done
Image 643 done
Image 644 done
Image 645 done
Image 646 done
Image 647 done
Image 648 done
Image 649 done
Image 650 done
Image 651 done
Image 652 done
Image 653 done
Image 654 done
Image 655 done
Image 656 done
Image 657 done
Image 658 done
Image 659 done
Image 660 done
Image 661 done
Image 662 done
Image 663 done
Image 664 done
Image 665 done
Image 666 done
Image 667 done
Image 668 done
Image 669 done
Image 670 done
Image 671 done
Image 672 done
Image 673 done
Image 674 done
Image 675 done
Image 676 done
Image 677 done
Image 678 done
Image 679 done
Image 680 done
Image 681 done
Image 682 done
Image 683 done
Image 684 done
Image 685 done
Image 686 done
Image 687 done
Image 688 done
Image 689 done
Image 690 done
Image 691 done
Image 692 done
Image 693 done
Image 694 done
Image 695 done
Image 696 done
Image 697 done
Image 698 done
Image 699 done
Image 700 done
Image 701 done
Image 702 done
Image 703 done
Image 704 done
Image 705 done
Image 706 done
Image 707 done
Image 708 done
Image 709 done
Image 710 done
Image 711 done
Image 712 done
Image 713 done
Image 714 done
Image 715 done
Image 716 done
Image 717 done
Image 718 done
Image 719 done
Image 720 done
Image 721 done
Image 722 done
Image 723 done
Image 724 done
Image 725 done
Image 726 done
Image 727 done
Image 728 done
Image 729 done
Image 730 done
Image 731 done
Image 732 done
Image 733 done
Image 734 done
Image 735 done
Image 736 done
Image 737 done
Image 738 done
Image 739 done
Image 740 done
Image 741 done
Image 742 done
Image 743 done
Image 744 done
Image 745 done
Image 746 done
Image 747 done
Image 748 done
Image 749 done
Image 750 done
Image 751 done
Image 752 done
Image 753 done
Image 754 done
Image 755 done
Image 756 done
Image 757 done
Image 758 done
Image 759 done
Image 760 done
Image 761 done
Image 762 done
Image 763 done
Image 764 done
Image 765 done
Image 766 done
Image 767 done
Image 768 done
Image 769 done
Image 770 done
Image 771 done
Image 772 done
Image 773 done
Image 774 done
Image 775 done
Image 776 done
Image 777 done
Image 778 done
Image 779 done
Image 780 done
Image 781 done
Image 782 done
Image 783 done
Image 784 done
Image 785 done
Image 786 done
Image 787 done
Image 788 done
Image 789 done
Image 790 done
Image 791 done
Image 792 done
Image 793 done
Image 794 done
Image 795 done
Image 796 done
Image 797 done
Image 798 done
Image 799 done
Image 800 done
Image 801 done
Image 802 done
Image 803 done
Image 804 done
Image 805 done
Image 806 done
Image 807 done
Image 808 done
Image 809 done
Image 810 done
Image 811 done
Image 812 done
Image 813 done
Image 814 done
Image 815 done
Image 816 done
Image 817 done
Image 818 done
Image 819 done
Image 820 done
Image 821 done
Image 822 done
Image 823 done
Image 824 done
Image 825 done
Image 826 done
Image 827 done
Image 828 done
Image 829 done
Image 830 done
Image 831 done
Image 832 done
Image 833 done
Image 834 done
Image 835 done
Image 836 done
Image 837 done
Image 838 done
Image 839 done
Image 840 done
Image 841 done
Image 842 done
Image 843 done
Image 844 done
Image 845 done
Image 846 done
Image 847 done
Image 848 done
Image 849 done
Image 850 done
Image 851 done
Image 852 done
Image 853 done
Image 854 done
Image 855 done
Image 856 done
Image 857 done
Image 858 done
Image 859 done
Image 860 done
Image 861 done
Image 862 done
Image 863 done
Image 864 done
Image 865 done
Image 866 done
Image 867 done
Image 868 done
Image 869 done
Image 870 done
Image 871 done
Image 872 done
Image 873 done
Image 874 done
Image 875 done
Image 876 done
Image 877 done
Image 878 done
Image 879 done
Image 880 done
Image 881 done
Image 882 done
Image 883 done
Image 884 done
Image 885 done
Image 886 done
Image 887 done
Image 888 done
Image 889 done
Image 890 done
Image 891 done
Image 892 done
Image 893 done
Image 894 done
Image 895 done
Image 896 done
Image 897 done
Image 898 done
Image 899 done
Image 900 done
Image 901 done
Image 902 done
Image 903 done
Image 904 done
Image 905 done
Image 906 done
Image 907 done
Image 908 done
Image 909 done
Image 910 done
Image 911 done
Image 912 done
Image 913 done
Image 914 done
Image 915 done
Image 916 done
Image 917 done
Image 918 done
Image 919 done
Image 920 done
Image 921 done
Image 922 done
Image 923 done
Image 924 done
Image 925 done
Image 926 done
Image 927 done
Image 928 done
Image 929 done
Image 930 done
Image 931 done
Image 932 done
Image 933 done
Image 934 done
Image 935 done
Image 936 done
Image 937 done
Image 938 done
Image 939 done
Image 940 done
Image 941 done
Image 942 done
Image 943 done
Image 944 done
Image 945 done
Image 946 done
Image 947 done
Image 948 done
Image 949 done
Image 950 done
Image 951 done
Image 952 done
Image 953 done
Image 954 done
Image 955 done
Image 956 done
Image 957 done
Image 958 done
Image 959 done
Image 960 done
Image 961 done
Image 962 done
Image 963 done
Image 964 done
Image 965 done
Image 966 done
Image 967 done
Image 968 done
Image 969 done
Image 970 done
Image 971 done
Image 972 done
Image 973 done
Image 974 done
Image 975 done
Image 976 done
Image 977 done
Image 978 done
Image 979 done
Image 980 done
Image 981 done
Image 982 done
Image 983 done
Image 984 done
Image 985 done
Image 986 done
Image 987 done
Image 988 done
Image 989 done
Image 990 done
Image 991 done
Image 992 done
Image 993 done
Image 994 done
Image 995 done
Image 996 done
Image 997 done
Image 998 done
Image 999 done
Inference complete for 1000 images
$finish called at time : 2045570016 ns : File "C:/Users/edgar/OneDrive/Documents/GitHub/LMUL-Fork/Vivado/lmul_tb/lmul_tb.srcs/sources_1/new/tb_lmul.v" Line 316
INFO: xsimkernel Simulation Memory Usage: 35940 KB (Peak: 35940 KB), Simulation CPU Usage: 399264 ms
