INFO: [SIM 2] *************** CSIM start ***************
   Compiling ../../../../hello_tb.cpp in debug mode
   Generating csim.exe
>> Running LMUL Hardware Simulation...

Index | HW (LMUL Bitfield) | SW (Normal Re-encoded) | Diff
------------------------------------------------------------
[0][0] |               128 |                   128 | 0
[0][1] |               128 |                   128 | 0
[0][2] |               128 |                   128 | 0
[0][3] |               128 |                   128 | 0
[1][0] |               256 |                   256 | 0
[1][1] |               256 |                   256 | 0
[1][2] |               256 |                   256 | 0
[1][3] |               256 |                   256 | 0
[2][0] |               384 |                   384 | 0
[2][1] |               384 |                   384 | 0
[2][2] |               384 |                   384 | 0
[2][3] |               384 |                   384 | 0
[3][0] |               512 |                   512 | 0
[3][1] |               512 |                   512 | 0
[3][2] |               512 |                   512 | 0
[3][3] |               512 |                   512 | 0
INFO: [SIM 1] CSim done with 0 errors.
INFO: [SIM 3] *************** CSIM finish ***************
